0 verbose cli /data/data/com.termux/files/usr/bin/node /data/data/com.termux/files/usr/bin/npm
1 info using npm@11.17.0
2 info using node@v26.3.1
3 silly config load:file:/data/data/com.termux/files/usr/lib/node_modules/npm/npmrc
4 silly config load:file:/data/data/com.termux/files/home/.npmrc
5 silly config load:file:/data/data/com.termux/files/usr/etc/npmrc
6 verbose title npm install qrcode
7 verbose argv "install" "qrcode"
8 verbose logfile logs-max:10 dir:/data/data/com.termux/files/home/.npm/_logs/2026-07-12T14_01_23_044Z-
9 verbose logfile /data/data/com.termux/files/home/.npm/_logs/2026-07-12T14_01_23_044Z-debug-0.log
10 silly logfile done cleaning log files
11 silly packumentCache heap:1084227584 maxSize:271056896 maxEntrySize:135528448
12 silly idealTree buildDeps
13 silly fetch manifest qrcode@*
14 silly packumentCache full:https://registry.npmjs.org/qrcode cache-miss
15 http fetch GET 200 https://registry.npmjs.org/qrcode 5299ms (cache miss)
16 silly packumentCache full:https://registry.npmjs.org/qrcode set size:undefined disposed:false
17 silly placeDep ROOT qrcode@1.5.4 OK for:  want: *
18 silly fetch manifest pngjs@^5.0.0
19 silly packumentCache full:https://registry.npmjs.org/pngjs cache-miss
20 silly fetch manifest yargs@^15.3.1
21 silly packumentCache full:https://registry.npmjs.org/yargs cache-miss
22 silly fetch manifest dijkstrajs@^1.0.1
23 silly packumentCache full:https://registry.npmjs.org/dijkstrajs cache-miss
24 http fetch GET 200 https://registry.npmjs.org/dijkstrajs 506ms (cache miss)
25 silly packumentCache full:https://registry.npmjs.org/dijkstrajs set size:undefined disposed:false
26 http fetch GET 200 https://registry.npmjs.org/yargs 1250ms (cache miss)
27 silly packumentCache full:https://registry.npmjs.org/yargs set size:undefined disposed:false
28 http fetch GET 200 https://registry.npmjs.org/pngjs 1487ms (cache miss)
29 silly packumentCache full:https://registry.npmjs.org/pngjs set size:undefined disposed:false
30 silly placeDep ROOT dijkstrajs@1.0.3 OK for: qrcode@1.5.4 want: ^1.0.1
31 silly placeDep ROOT pngjs@5.0.0 OK for: qrcode@1.5.4 want: ^5.0.0
32 silly placeDep ROOT yargs@15.4.1 OK for: qrcode@1.5.4 want: ^15.3.1
33 silly fetch manifest y18n@^4.0.0
34 silly packumentCache full:https://registry.npmjs.org/y18n cache-miss
35 silly fetch manifest cliui@^6.0.0
36 silly packumentCache full:https://registry.npmjs.org/cliui cache-miss
37 silly fetch manifest find-up@^4.1.0
38 silly packumentCache full:https://registry.npmjs.org/find-up cache-miss
39 silly fetch manifest decamelize@^1.2.0
40 silly packumentCache full:https://registry.npmjs.org/decamelize cache-miss
41 silly fetch manifest set-blocking@^2.0.0
42 silly packumentCache full:https://registry.npmjs.org/set-blocking cache-miss
43 silly fetch manifest string-width@^4.2.0
44 silly packumentCache full:https://registry.npmjs.org/string-width cache-miss
45 silly fetch manifest which-module@^2.0.0
46 silly packumentCache full:https://registry.npmjs.org/which-module cache-miss
47 http fetch GET 200 https://registry.npmjs.org/find-up 378ms (cache miss)
48 silly packumentCache full:https://registry.npmjs.org/find-up set size:undefined disposed:false
49 silly fetch manifest yargs-parser@^18.1.2
50 silly packumentCache full:https://registry.npmjs.org/yargs-parser cache-miss
51 http fetch GET 200 https://registry.npmjs.org/cliui 570ms (cache miss)
52 silly packumentCache full:https://registry.npmjs.org/cliui set size:undefined disposed:false
53 silly fetch manifest get-caller-file@^2.0.1
54 silly packumentCache full:https://registry.npmjs.org/get-caller-file cache-miss
55 http fetch GET 200 https://registry.npmjs.org/y18n 1257ms (cache miss)
56 silly packumentCache full:https://registry.npmjs.org/y18n set size:undefined disposed:false
57 silly fetch manifest require-directory@^2.1.1
58 silly packumentCache full:https://registry.npmjs.org/require-directory cache-miss
59 http fetch GET 200 https://registry.npmjs.org/yargs-parser 1331ms (cache miss)
60 silly packumentCache full:https://registry.npmjs.org/yargs-parser set size:undefined disposed:false
61 silly fetch manifest require-main-filename@^2.0.0
62 silly packumentCache full:https://registry.npmjs.org/require-main-filename cache-miss
63 http fetch GET 200 https://registry.npmjs.org/get-caller-file 1208ms (cache miss)
64 silly packumentCache full:https://registry.npmjs.org/get-caller-file set size:undefined disposed:false
65 http fetch GET 200 https://registry.npmjs.org/set-blocking 2087ms (cache miss)
66 silly packumentCache full:https://registry.npmjs.org/set-blocking set size:undefined disposed:false
67 http fetch GET 200 https://registry.npmjs.org/require-main-filename 494ms (cache miss)
68 silly packumentCache full:https://registry.npmjs.org/require-main-filename set size:undefined disposed:false
69 http fetch GET 200 https://registry.npmjs.org/require-directory 1025ms (cache miss)
70 silly packumentCache full:https://registry.npmjs.org/require-directory set size:undefined disposed:false
71 http fetch GET 200 https://registry.npmjs.org/which-module 2426ms (cache miss)
72 silly packumentCache full:https://registry.npmjs.org/which-module set size:undefined disposed:false
73 http fetch GET 200 https://registry.npmjs.org/decamelize 2727ms (cache miss)
74 silly packumentCache full:https://registry.npmjs.org/decamelize set size:undefined disposed:false
75 http fetch GET 200 https://registry.npmjs.org/string-width 2903ms (cache miss)
76 silly packumentCache full:https://registry.npmjs.org/string-width set size:undefined disposed:false
77 silly placeDep ROOT cliui@6.0.0 OK for: yargs@15.4.1 want: ^6.0.0
78 silly placeDep ROOT decamelize@1.2.0 OK for: yargs@15.4.1 want: ^1.2.0
79 silly placeDep ROOT find-up@4.1.0 OK for: yargs@15.4.1 want: ^4.1.0
80 silly placeDep ROOT get-caller-file@2.0.5 OK for: yargs@15.4.1 want: ^2.0.1
81 silly placeDep ROOT require-directory@2.1.1 OK for: yargs@15.4.1 want: ^2.1.1
82 silly placeDep ROOT require-main-filename@2.0.0 OK for: yargs@15.4.1 want: ^2.0.0
83 silly placeDep ROOT set-blocking@2.0.0 OK for: yargs@15.4.1 want: ^2.0.0
84 silly placeDep ROOT string-width@4.2.3 OK for: yargs@15.4.1 want: ^4.2.0
85 silly placeDep ROOT which-module@2.0.1 OK for: yargs@15.4.1 want: ^2.0.0
86 silly placeDep ROOT y18n@4.0.3 OK for: yargs@15.4.1 want: ^4.0.0
87 silly placeDep ROOT yargs-parser@18.1.3 OK for: yargs@15.4.1 want: ^18.1.2
88 silly fetch manifest wrap-ansi@^6.2.0
89 silly packumentCache full:https://registry.npmjs.org/wrap-ansi cache-miss
90 silly fetch manifest strip-ansi@^6.0.0
91 silly packumentCache full:https://registry.npmjs.org/strip-ansi cache-miss
92 silly fetch manifest locate-path@^5.0.0
93 silly packumentCache full:https://registry.npmjs.org/locate-path cache-miss
94 silly fetch manifest path-exists@^4.0.0
95 silly packumentCache full:https://registry.npmjs.org/path-exists cache-miss
96 silly fetch manifest strip-ansi@^6.0.1
97 silly packumentCache full:https://registry.npmjs.org/strip-ansi cache-miss
98 silly fetch manifest emoji-regex@^8.0.0
99 silly packumentCache full:https://registry.npmjs.org/emoji-regex cache-miss
100 silly fetch manifest is-fullwidth-code-point@^3.0.0
101 silly packumentCache full:https://registry.npmjs.org/is-fullwidth-code-point cache-miss
102 http fetch GET 200 https://registry.npmjs.org/strip-ansi 215ms (cache miss)
103 silly packumentCache full:https://registry.npmjs.org/strip-ansi set size:undefined disposed:false
104 silly fetch manifest camelcase@^5.0.0
105 silly packumentCache full:https://registry.npmjs.org/camelcase cache-miss
106 http fetch GET 200 https://registry.npmjs.org/strip-ansi 226ms (cache miss)
107 silly packumentCache full:https://registry.npmjs.org/strip-ansi set size:undefined disposed:false
108 http fetch GET 200 https://registry.npmjs.org/is-fullwidth-code-point 295ms (cache miss)
109 silly packumentCache full:https://registry.npmjs.org/is-fullwidth-code-point set size:undefined disposed:false
110 http fetch GET 200 https://registry.npmjs.org/camelcase 208ms (cache miss)
111 silly packumentCache full:https://registry.npmjs.org/camelcase set size:undefined disposed:false
112 http fetch GET 200 https://registry.npmjs.org/emoji-regex 434ms (cache miss)
113 silly packumentCache full:https://registry.npmjs.org/emoji-regex set size:undefined disposed:false
114 http fetch GET 200 https://registry.npmjs.org/path-exists 775ms (cache miss)
115 silly packumentCache full:https://registry.npmjs.org/path-exists set size:undefined disposed:false
116 http fetch GET 200 https://registry.npmjs.org/locate-path 827ms (cache miss)
117 silly packumentCache full:https://registry.npmjs.org/locate-path set size:undefined disposed:false
118 http fetch GET 200 https://registry.npmjs.org/wrap-ansi 1237ms (cache miss)
119 silly packumentCache full:https://registry.npmjs.org/wrap-ansi set size:undefined disposed:false
120 silly placeDep ROOT strip-ansi@6.0.1 OK for: cliui@6.0.0 want: ^6.0.0
121 silly placeDep ROOT wrap-ansi@6.2.0 OK for: cliui@6.0.0 want: ^6.2.0
122 silly fetch manifest ansi-regex@^5.0.1
123 silly packumentCache full:https://registry.npmjs.org/ansi-regex cache-miss
124 silly fetch manifest ansi-styles@^4.0.0
125 silly packumentCache full:https://registry.npmjs.org/ansi-styles cache-miss
126 http fetch GET 200 https://registry.npmjs.org/ansi-regex 485ms (cache miss)
127 silly packumentCache full:https://registry.npmjs.org/ansi-regex set size:undefined disposed:false
128 http fetch GET 200 https://registry.npmjs.org/ansi-styles 577ms (cache miss)
129 silly packumentCache full:https://registry.npmjs.org/ansi-styles set size:undefined disposed:false
130 silly placeDep ROOT locate-path@5.0.0 OK for: find-up@4.1.0 want: ^5.0.0
131 silly placeDep ROOT path-exists@4.0.0 OK for: find-up@4.1.0 want: ^4.0.0
132 silly fetch manifest p-locate@^4.1.0
133 silly packumentCache full:https://registry.npmjs.org/p-locate cache-miss
134 http fetch GET 200 https://registry.npmjs.org/p-locate 322ms (cache miss)
135 silly packumentCache full:https://registry.npmjs.org/p-locate set size:undefined disposed:false
136 silly placeDep ROOT p-locate@4.1.0 OK for: locate-path@5.0.0 want: ^4.1.0
137 silly fetch manifest p-limit@^2.2.0
138 silly packumentCache full:https://registry.npmjs.org/p-limit cache-miss
139 http fetch GET 200 https://registry.npmjs.org/p-limit 155ms (cache miss)
140 silly packumentCache full:https://registry.npmjs.org/p-limit set size:undefined disposed:false
141 silly placeDep ROOT p-limit@2.3.0 OK for: p-locate@4.1.0 want: ^2.2.0
142 silly fetch manifest p-try@^2.0.0
143 silly packumentCache full:https://registry.npmjs.org/p-try cache-miss
144 http fetch GET 200 https://registry.npmjs.org/p-try 213ms (cache miss)
145 silly packumentCache full:https://registry.npmjs.org/p-try set size:undefined disposed:false
146 silly placeDep ROOT p-try@2.2.0 OK for: p-limit@2.3.0 want: ^2.0.0
147 silly placeDep ROOT emoji-regex@8.0.0 OK for: string-width@4.2.3 want: ^8.0.0
148 silly placeDep ROOT is-fullwidth-code-point@3.0.0 OK for: string-width@4.2.3 want: ^3.0.0
149 silly placeDep ROOT ansi-regex@5.0.1 OK for: strip-ansi@6.0.1 want: ^5.0.1
150 silly placeDep ROOT ansi-styles@4.3.0 OK for: wrap-ansi@6.2.0 want: ^4.0.0
151 silly fetch manifest color-convert@^2.0.1
152 silly packumentCache full:https://registry.npmjs.org/color-convert cache-miss
153 http fetch GET 200 https://registry.npmjs.org/color-convert 210ms (cache miss)
154 silly packumentCache full:https://registry.npmjs.org/color-convert set size:undefined disposed:false
155 silly placeDep ROOT color-convert@2.0.1 OK for: ansi-styles@4.3.0 want: ^2.0.1
156 silly fetch manifest color-name@~1.1.4
157 silly packumentCache full:https://registry.npmjs.org/color-name cache-miss
158 http fetch GET 200 https://registry.npmjs.org/color-name 907ms (cache miss)
159 silly packumentCache full:https://registry.npmjs.org/color-name set size:undefined disposed:false
160 silly placeDep ROOT color-name@1.1.4 OK for: color-convert@2.0.1 want: ~1.1.4
161 silly placeDep ROOT camelcase@5.3.1 OK for: yargs-parser@18.1.3 want: ^5.0.0
162 silly reify moves {}
163 silly audit bulk request {
163 silly audit   '@adraffy/ens-normalize': [ '1.10.1' ],
163 silly audit   '@babel/runtime': [ '7.26.10' ],
163 silly audit   '@noble/curves': [ '1.4.2', '1.2.0' ],
163 silly audit   '@noble/hashes': [ '1.4.0', '1.3.2' ],
163 silly audit   '@scure/base': [ '1.1.9' ],
163 silly audit   '@scure/bip32': [ '1.4.0' ],
163 silly audit   '@scure/bip39': [ '1.3.0' ],
163 silly audit   '@types/node': [ '22.7.5' ],
163 silly audit   accepts: [ '2.0.0' ],
163 silly audit   'aes-js': [ '4.0.0-beta.5' ],
163 silly audit   'agent-base': [ '6.0.2' ],
163 silly audit   asynckit: [ '0.4.0' ],
163 silly audit   axios: [ '1.18.0' ],
163 silly audit   'bignumber.js': [ '9.1.2' ],
163 silly audit   'body-parser': [ '2.3.0' ],
163 silly audit   'content-type': [ '2.0.0', '1.0.5' ],
163 silly audit   bytes: [ '3.1.2' ],
163 silly audit   'call-bind-apply-helpers': [ '1.0.2' ],
163 silly audit   'call-bound': [ '1.0.4' ],
163 silly audit   'combined-stream': [ '1.0.8' ],
163 silly audit   'content-disposition': [ '1.1.0' ],
163 silly audit   cookie: [ '0.7.2' ],
163 silly audit   'cookie-signature': [ '1.2.2' ],
163 silly audit   debug: [ '4.4.3' ],
163 silly audit   'delayed-stream': [ '1.0.0' ],
163 silly audit   depd: [ '2.0.0' ],
163 silly audit   'dunder-proto': [ '1.0.1' ],
163 silly audit   'ee-first': [ '1.1.1' ],
163 silly audit   encodeurl: [ '2.0.0' ],
163 silly audit   'es-define-property': [ '1.0.1' ],
163 silly audit   'es-errors': [ '1.3.0' ],
163 silly audit   'es-object-atoms': [ '1.1.2' ],
163 silly audit   'es-set-tostringtag': [ '2.1.0' ],
163 silly audit   'escape-html': [ '1.0.3' ],
163 silly audit   etag: [ '1.8.1' ],
163 silly audit   'ethereum-cryptography': [ '2.2.1' ],
163 silly audit   ethers: [ '6.13.5' ],
163 silly audit   eventemitter3: [ '5.0.1' ],
163 silly audit   express: [ '5.2.1' ],
163 silly audit   finalhandler: [ '2.1.1' ],
163 silly audit   'follow-redirects': [ '1.16.0' ],
163 silly audit   'form-data': [ '4.0.6' ],
163 silly audit   'mime-db': [ '1.52.0', '1.54.0' ],
163 silly audit   'mime-types': [ '2.1.35', '3.0.2' ],
163 silly audit   forwarded: [ '0.2.0' ],
163 silly audit   fresh: [ '2.0.0' ],
163 silly audit   'function-bind': [ '1.1.2' ],
163 silly audit   'get-intrinsic': [ '1.3.0' ],
163 silly audit   'get-proto': [ '1.0.1' ],
163 silly audit   'google-protobuf': [ '3.21.4' ],
163 silly audit   gopd: [ '1.2.0' ],
163 silly audit   'has-symbols': [ '1.1.0' ],
163 silly audit   'has-tostringtag': [ '1.0.2' ],
163 silly audit   hasown: [ '2.0.4' ],
163 silly audit   'http-errors': [ '2.0.1' ],
163 silly audit   'https-proxy-agent': [ '5.0.1' ],
163 silly audit   'iconv-lite': [ '0.7.3' ],
163 silly audit   inherits: [ '2.0.4' ],
163 silly audit   'ipaddr.js': [ '1.9.1' ],
163 silly audit   'is-promise': [ '4.0.0' ],
163 silly audit   'math-intrinsics': [ '1.1.0' ],
163 silly audit   'media-typer': [ '1.1.0' ],
163 silly audit   'merge-descriptors': [ '2.0.0' ],
163 silly audit   ms: [ '2.1.3' ],
163 silly audit   negotiator: [ '1.0.0' ],
163 silly audit   'object-inspect': [ '1.13.4' ],
163 silly audit   'on-finished': [ '2.4.1' ],
163 silly audit   once: [ '1.4.0' ],
163 silly audit   parseurl: [ '1.3.3' ],
163 silly audit   'path-to-regexp': [ '8.4.2' ],
163 silly audit   'proxy-addr': [ '2.0.7' ],
163 silly audit   'proxy-from-env': [ '2.1.0' ],
163 silly audit   qs: [ '6.15.3' ],
163 silly audit   'range-parser': [ '1.3.0' ],
163 silly audit   'raw-body': [ '3.0.2' ],
163 silly audit   'regenerator-runtime': [ '0.14.1' ],
163 silly audit   router: [ '2.2.0' ],
163 silly audit   'safer-buffer': [ '2.1.2' ],
163 silly audit   semver: [ '7.7.1' ],
163 silly audit   send: [ '1.2.1' ],
163 silly audit   'serve-static': [ '2.2.1' ],
163 silly audit   setprototypeof: [ '1.2.0' ],
163 silly audit   'side-channel': [ '1.1.1' ],
163 silly audit   'side-channel-list': [ '1.0.1' ],
163 silly audit   'side-channel-map': [ '1.0.1' ],
163 silly audit   'side-channel-weakmap': [ '1.0.2' ],
163 silly audit   statuses: [ '2.0.2' ],
163 silly audit   toidentifier: [ '1.0.1' ],
163 silly audit   tronweb: [ '6.4.0' ],
163 silly audit   tslib: [ '2.7.0' ],
163 silly audit   'type-is': [ '2.1.0' ],
163 silly audit   'undici-types': [ '6.19.8' ],
163 silly audit   unpipe: [ '1.0.0' ],
163 silly audit   validator: [ '13.15.23' ],
163 silly audit   vary: [ '1.1.2' ],
163 silly audit   wrappy: [ '1.0.2' ],
163 silly audit   ws: [ '8.17.1' ],
163 silly audit   qrcode: [ '1.5.4' ],
163 silly audit   dijkstrajs: [ '1.0.3' ],
163 silly audit   pngjs: [ '5.0.0' ],
163 silly audit   yargs: [ '15.4.1' ],
163 silly audit   cliui: [ '6.0.0' ],
163 silly audit   decamelize: [ '1.2.0' ],
163 silly audit   'find-up': [ '4.1.0' ],
163 silly audit   'get-caller-file': [ '2.0.5' ],
163 silly audit   'require-directory': [ '2.1.1' ],
163 silly audit   'require-main-filename': [ '2.0.0' ],
163 silly audit   'set-blocking': [ '2.0.0' ],
163 silly audit   'string-width': [ '4.2.3' ],
163 silly audit   'which-module': [ '2.0.1' ],
163 silly audit   y18n: [ '4.0.3' ],
163 silly audit   'yargs-parser': [ '18.1.3' ],
163 silly audit   'strip-ansi': [ '6.0.1' ],
163 silly audit   'wrap-ansi': [ '6.2.0' ],
163 silly audit   'locate-path': [ '5.0.0' ],
163 silly audit   'path-exists': [ '4.0.0' ],
163 silly audit   'p-locate': [ '4.1.0' ],
163 silly audit   'p-limit': [ '2.3.0' ],
163 silly audit   'p-try': [ '2.2.0' ],
163 silly audit   'emoji-regex': [ '8.0.0' ],
163 silly audit   'is-fullwidth-code-point': [ '3.0.0' ],
163 silly audit   'ansi-regex': [ '5.0.1' ],
163 silly audit   'ansi-styles': [ '4.3.0' ],
163 silly audit   'color-convert': [ '2.0.1' ],
163 silly audit   'color-name': [ '1.1.4' ],
163 silly audit   camelcase: [ '5.3.1' ]
163 silly audit }
164 http cache color-name@https://registry.npmjs.org/color-name/-/color-name-1.1.4.tgz 1ms (cache hit)
165 http cache color-convert@https://registry.npmjs.org/color-convert/-/color-convert-2.0.1.tgz 0ms (cache hit)
166 http cache camelcase@https://registry.npmjs.org/camelcase/-/camelcase-5.3.1.tgz 0ms (cache hit)
167 http cache ansi-styles@https://registry.npmjs.org/ansi-styles/-/ansi-styles-4.3.0.tgz 0ms (cache hit)
168 http cache ansi-regex@https://registry.npmjs.org/ansi-regex/-/ansi-regex-5.0.1.tgz 0ms (cache hit)
169 http cache is-fullwidth-code-point@https://registry.npmjs.org/is-fullwidth-code-point/-/is-fullwidth-code-point-3.0.0.tgz 0ms (cache hit)
170 http cache emoji-regex@https://registry.npmjs.org/emoji-regex/-/emoji-regex-8.0.0.tgz 1ms (cache hit)
171 http cache p-try@https://registry.npmjs.org/p-try/-/p-try-2.2.0.tgz 0ms (cache hit)
172 http cache p-limit@https://registry.npmjs.org/p-limit/-/p-limit-2.3.0.tgz 1ms (cache hit)
173 http cache p-locate@https://registry.npmjs.org/p-locate/-/p-locate-4.1.0.tgz 0ms (cache hit)
174 http cache path-exists@https://registry.npmjs.org/path-exists/-/path-exists-4.0.0.tgz 0ms (cache hit)
175 http cache locate-path@https://registry.npmjs.org/locate-path/-/locate-path-5.0.0.tgz 0ms (cache hit)
176 http cache strip-ansi@https://registry.npmjs.org/strip-ansi/-/strip-ansi-6.0.1.tgz 0ms (cache hit)
177 http cache wrap-ansi@https://registry.npmjs.org/wrap-ansi/-/wrap-ansi-6.2.0.tgz 0ms (cache hit)
178 http cache y18n@https://registry.npmjs.org/y18n/-/y18n-4.0.3.tgz 0ms (cache hit)
179 http cache which-module@https://registry.npmjs.org/which-module/-/which-module-2.0.1.tgz 0ms (cache hit)
180 http cache string-width@https://registry.npmjs.org/string-width/-/string-width-4.2.3.tgz 1ms (cache hit)
181 http cache yargs-parser@https://registry.npmjs.org/yargs-parser/-/yargs-parser-18.1.3.tgz 0ms (cache hit)
182 http cache set-blocking@https://registry.npmjs.org/set-blocking/-/set-blocking-2.0.0.tgz 0ms (cache hit)
183 http cache require-main-filename@https://registry.npmjs.org/require-main-filename/-/require-main-filename-2.0.0.tgz 0ms (cache hit)
184 http cache require-directory@https://registry.npmjs.org/require-directory/-/require-directory-2.1.1.tgz 0ms (cache hit)
185 http cache get-caller-file@https://registry.npmjs.org/get-caller-file/-/get-caller-file-2.0.5.tgz 0ms (cache hit)
186 http cache find-up@https://registry.npmjs.org/find-up/-/find-up-4.1.0.tgz 0ms (cache hit)
187 http cache cliui@https://registry.npmjs.org/cliui/-/cliui-6.0.0.tgz 0ms (cache hit)
188 http cache decamelize@https://registry.npmjs.org/decamelize/-/decamelize-1.2.0.tgz 1ms (cache hit)
189 http cache yargs@https://registry.npmjs.org/yargs/-/yargs-15.4.1.tgz 0ms (cache hit)
190 http cache pngjs@https://registry.npmjs.org/pngjs/-/pngjs-5.0.0.tgz 0ms (cache hit)
191 http cache dijkstrajs@https://registry.npmjs.org/dijkstrajs/-/dijkstrajs-1.0.3.tgz 0ms (cache hit)
192 silly tarball no local data for color-convert@https://registry.npmjs.org/color-convert/-/color-convert-2.0.1.tgz. Extracting by manifest.
193 silly tarball no local data for color-name@https://registry.npmjs.org/color-name/-/color-name-1.1.4.tgz. Extracting by manifest.
194 silly tarball no local data for camelcase@https://registry.npmjs.org/camelcase/-/camelcase-5.3.1.tgz. Extracting by manifest.
195 http cache qrcode@https://registry.npmjs.org/qrcode/-/qrcode-1.5.4.tgz 0ms (cache hit)
196 silly tarball no local data for ansi-styles@https://registry.npmjs.org/ansi-styles/-/ansi-styles-4.3.0.tgz. Extracting by manifest.
197 silly tarball no local data for is-fullwidth-code-point@https://registry.npmjs.org/is-fullwidth-code-point/-/is-fullwidth-code-point-3.0.0.tgz. Extracting by manifest.
198 silly tarball no local data for ansi-regex@https://registry.npmjs.org/ansi-regex/-/ansi-regex-5.0.1.tgz. Extracting by manifest.
199 silly tarball no local data for emoji-regex@https://registry.npmjs.org/emoji-regex/-/emoji-regex-8.0.0.tgz. Extracting by manifest.
200 silly tarball no local data for p-try@https://registry.npmjs.org/p-try/-/p-try-2.2.0.tgz. Extracting by manifest.
201 silly tarball no local data for p-limit@https://registry.npmjs.org/p-limit/-/p-limit-2.3.0.tgz. Extracting by manifest.
202 silly tarball no local data for p-locate@https://registry.npmjs.org/p-locate/-/p-locate-4.1.0.tgz. Extracting by manifest.
203 silly tarball no local data for path-exists@https://registry.npmjs.org/path-exists/-/path-exists-4.0.0.tgz. Extracting by manifest.
204 silly tarball no local data for locate-path@https://registry.npmjs.org/locate-path/-/locate-path-5.0.0.tgz. Extracting by manifest.
205 silly tarball no local data for strip-ansi@https://registry.npmjs.org/strip-ansi/-/strip-ansi-6.0.1.tgz. Extracting by manifest.
206 silly tarball no local data for wrap-ansi@https://registry.npmjs.org/wrap-ansi/-/wrap-ansi-6.2.0.tgz. Extracting by manifest.
207 silly tarball no local data for y18n@https://registry.npmjs.org/y18n/-/y18n-4.0.3.tgz. Extracting by manifest.
208 silly tarball no local data for string-width@https://registry.npmjs.org/string-width/-/string-width-4.2.3.tgz. Extracting by manifest.
209 silly tarball no local data for which-module@https://registry.npmjs.org/which-module/-/which-module-2.0.1.tgz. Extracting by manifest.
210 silly tarball no local data for yargs-parser@https://registry.npmjs.org/yargs-parser/-/yargs-parser-18.1.3.tgz. Extracting by manifest.
211 silly tarball no local data for set-blocking@https://registry.npmjs.org/set-blocking/-/set-blocking-2.0.0.tgz. Extracting by manifest.
212 silly tarball no local data for require-main-filename@https://registry.npmjs.org/require-main-filename/-/require-main-filename-2.0.0.tgz. Extracting by manifest.
213 silly tarball no local data for require-directory@https://registry.npmjs.org/require-directory/-/require-directory-2.1.1.tgz. Extracting by manifest.
214 silly tarball no local data for get-caller-file@https://registry.npmjs.org/get-caller-file/-/get-caller-file-2.0.5.tgz. Extracting by manifest.
215 silly tarball no local data for find-up@https://registry.npmjs.org/find-up/-/find-up-4.1.0.tgz. Extracting by manifest.
216 silly tarball no local data for cliui@https://registry.npmjs.org/cliui/-/cliui-6.0.0.tgz. Extracting by manifest.
217 silly tarball no local data for decamelize@https://registry.npmjs.org/decamelize/-/decamelize-1.2.0.tgz. Extracting by manifest.
218 silly tarball no local data for yargs@https://registry.npmjs.org/yargs/-/yargs-15.4.1.tgz. Extracting by manifest.
219 silly tarball no local data for dijkstrajs@https://registry.npmjs.org/dijkstrajs/-/dijkstrajs-1.0.3.tgz. Extracting by manifest.
220 silly tarball no local data for pngjs@https://registry.npmjs.org/pngjs/-/pngjs-5.0.0.tgz. Extracting by manifest.
221 silly tarball no local data for qrcode@https://registry.npmjs.org/qrcode/-/qrcode-1.5.4.tgz. Extracting by manifest.
222 http fetch GET 200 https://registry.npmjs.org/is-fullwidth-code-point/-/is-fullwidth-code-point-3.0.0.tgz 632ms (cache miss)
223 http fetch GET 200 https://registry.npmjs.org/ansi-regex/-/ansi-regex-5.0.1.tgz 640ms (cache miss)
224 http fetch GET 200 https://registry.npmjs.org/color-convert/-/color-convert-2.0.1.tgz 664ms (cache miss)
225 http fetch GET 200 https://registry.npmjs.org/ansi-styles/-/ansi-styles-4.3.0.tgz 654ms (cache miss)
226 http fetch GET 200 https://registry.npmjs.org/camelcase/-/camelcase-5.3.1.tgz 661ms (cache miss)
227 http fetch GET 200 https://registry.npmjs.org/y18n/-/y18n-4.0.3.tgz 629ms (cache miss)
228 http fetch GET 200 https://registry.npmjs.org/which-module/-/which-module-2.0.1.tgz 626ms (cache miss)
229 http fetch GET 200 https://registry.npmjs.org/p-locate/-/p-locate-4.1.0.tgz 724ms (cache miss)
230 http fetch GET 200 https://registry.npmjs.org/p-limit/-/p-limit-2.3.0.tgz 731ms (cache miss)
231 http fetch GET 200 https://registry.npmjs.org/require-directory/-/require-directory-2.1.1.tgz 750ms (cache miss)
232 http fetch GET 200 https://registry.npmjs.org/require-main-filename/-/require-main-filename-2.0.0.tgz 761ms (cache miss)
233 http fetch GET 200 https://registry.npmjs.org/get-caller-file/-/get-caller-file-2.0.5.tgz 927ms (cache miss)
234 http fetch GET 200 https://registry.npmjs.org/find-up/-/find-up-4.1.0.tgz 928ms (cache miss)
235 http fetch GET 200 https://registry.npmjs.org/wrap-ansi/-/wrap-ansi-6.2.0.tgz 959ms (cache miss)
236 http fetch GET 200 https://registry.npmjs.org/strip-ansi/-/strip-ansi-6.0.1.tgz 964ms (cache miss)
237 http fetch GET 200 https://registry.npmjs.org/set-blocking/-/set-blocking-2.0.0.tgz 1042ms (cache miss)
238 http fetch GET 200 https://registry.npmjs.org/cliui/-/cliui-6.0.0.tgz 1043ms (cache miss)
239 http fetch GET 200 https://registry.npmjs.org/decamelize/-/decamelize-1.2.0.tgz 1127ms (cache miss)
240 http fetch GET 200 https://registry.npmjs.org/dijkstrajs/-/dijkstrajs-1.0.3.tgz 1253ms (cache miss)
241 http fetch POST 200 https://registry.npmjs.org/-/npm/v1/security/advisories/bulk 1606ms
242 silly audit report {
242 silly audit report   ws: [
242 silly audit report     {
242 silly audit report       id: 1119108,
242 silly audit report       url: 'https://github.com/advisories/GHSA-58qx-3vcg-4xpx',
242 silly audit report       title: 'ws: Uninitialized memory disclosure',
242 silly audit report       severity: 'moderate',
242 silly audit report       vulnerable_versions: '>=8.0.0 <8.20.1',
242 silly audit report       cwe: [Array],
242 silly audit report       cvss: [Object]
242 silly audit report     },
242 silly audit report     {
242 silly audit report       id: 1122891,
242 silly audit report       url: 'https://github.com/advisories/GHSA-96hv-2xvq-fx4p',
242 silly audit report       title: 'ws: Memory exhaustion DoS from tiny fragments and data chunks',
242 silly audit report       severity: 'high',
242 silly audit report       vulnerable_versions: '>=8.0.0 <8.21.0',
242 silly audit report       cwe: [Array],
242 silly audit report       cvss: [Object]
242 silly audit report     }
242 silly audit report   ]
242 silly audit report }
243 silly packumentCache corgi:https://registry.npmjs.org/ws cache-miss
244 http fetch GET 200 https://registry.npmjs.org/yargs/-/yargs-15.4.1.tgz 1411ms (cache miss)
245 http fetch GET 200 https://registry.npmjs.org/locate-path/-/locate-path-5.0.0.tgz 1506ms (cache miss)
246 http fetch GET 200 https://registry.npmjs.org/pngjs/-/pngjs-5.0.0.tgz 1542ms (cache miss)
247 http fetch GET 200 https://registry.npmjs.org/emoji-regex/-/emoji-regex-8.0.0.tgz 1686ms (cache miss)
248 http fetch GET 200 https://registry.npmjs.org/yargs-parser/-/yargs-parser-18.1.3.tgz 1661ms (cache miss)
249 http fetch GET 200 https://registry.npmjs.org/ws 258ms (cache revalidated)
250 silly packumentCache corgi:https://registry.npmjs.org/ws set size:199711 disposed:false
251 silly packumentCache corgi:https://registry.npmjs.org/ethers cache-miss
252 http fetch GET 200 https://registry.npmjs.org/color-name/-/color-name-1.1.4.tgz 1910ms (cache miss)
253 http fetch GET 200 https://registry.npmjs.org/qrcode/-/qrcode-1.5.4.tgz 1931ms (cache miss)
254 http fetch GET 200 https://registry.npmjs.org/path-exists/-/path-exists-4.0.0.tgz 2305ms (cache miss)
255 http fetch GET 200 https://registry.npmjs.org/string-width/-/string-width-4.2.3.tgz 2343ms (cache miss)
256 http fetch GET 200 https://registry.npmjs.org/p-try/-/p-try-2.2.0.tgz 2433ms (cache miss)
257 http fetch GET 200 https://registry.npmjs.org/ethers 1401ms (cache revalidated)
258 silly packumentCache corgi:https://registry.npmjs.org/ethers set size:695380 disposed:false
259 silly packumentCache corgi:https://registry.npmjs.org/tronweb cache-miss
260 http fetch GET 200 https://registry.npmjs.org/tronweb 537ms (cache revalidated)
261 silly packumentCache corgi:https://registry.npmjs.org/tronweb set size:384947 disposed:false
262 silly ADD node_modules/camelcase
263 silly ADD node_modules/color-name
264 silly ADD node_modules/color-convert
265 silly ADD node_modules/ansi-styles
266 silly ADD node_modules/ansi-regex
267 silly ADD node_modules/is-fullwidth-code-point
268 silly ADD node_modules/emoji-regex
269 silly ADD node_modules/p-try
270 silly ADD node_modules/p-limit
271 silly ADD node_modules/p-locate
272 silly ADD node_modules/path-exists
273 silly ADD node_modules/locate-path
274 silly ADD node_modules/wrap-ansi
275 silly ADD node_modules/strip-ansi
276 silly ADD node_modules/yargs-parser
277 silly ADD node_modules/y18n
278 silly ADD node_modules/which-module
279 silly ADD node_modules/string-width
280 silly ADD node_modules/set-blocking
281 silly ADD node_modules/require-main-filename
282 silly ADD node_modules/require-directory
283 silly ADD node_modules/get-caller-file
284 silly ADD node_modules/find-up
285 silly ADD node_modules/decamelize
286 silly ADD node_modules/cliui
287 silly ADD node_modules/yargs
288 silly ADD node_modules/pngjs
289 silly ADD node_modules/dijkstrajs
290 silly ADD node_modules/qrcode
291 verbose cwd /data/data/com.termux/files/home
292 verbose os Linux 5.15.178-android13-8-00007-g362d545d31a5-ab14608873
293 verbose node v26.3.1
294 verbose npm  v11.17.0
295 verbose exit 0
296 info ok
