0 verbose cli /data/data/com.termux/files/usr/bin/node /data/data/com.termux/files/usr/bin/npm
1 info using npm@11.17.0
2 info using node@v26.3.1
3 silly config load:file:/data/data/com.termux/files/usr/lib/node_modules/npm/npmrc
4 silly config load:file:/data/data/com.termux/files/home/usdt-app/.npmrc
5 silly config load:file:/data/data/com.termux/files/home/.npmrc
6 silly config load:file:/data/data/com.termux/files/usr/etc/npmrc
7 verbose title npm install express
8 verbose argv "install" "express"
9 verbose logfile logs-max:10 dir:/data/data/com.termux/files/home/.npm/_logs/2026-07-10T13_11_08_983Z-
10 verbose logfile /data/data/com.termux/files/home/.npm/_logs/2026-07-10T13_11_08_983Z-debug-0.log
11 silly logfile done cleaning log files
12 silly packumentCache heap:1084227584 maxSize:271056896 maxEntrySize:135528448
13 silly idealTree buildDeps
14 silly fetch manifest express@*
15 silly packumentCache full:https://registry.npmjs.org/express cache-miss
16 http fetch GET 200 https://registry.npmjs.org/express 728ms (cache miss)
17 silly packumentCache full:https://registry.npmjs.org/express set size:undefined disposed:false
18 silly placeDep ROOT express@5.2.1 OK for: usdt-app@1.0.0 want: *
19 silly fetch manifest qs@^6.14.0
20 silly packumentCache full:https://registry.npmjs.org/qs cache-miss
21 silly fetch manifest depd@^2.0.0
22 silly packumentCache full:https://registry.npmjs.org/depd cache-miss
23 silly fetch manifest etag@^1.8.1
24 silly packumentCache full:https://registry.npmjs.org/etag cache-miss
25 silly fetch manifest once@^1.4.0
26 silly packumentCache full:https://registry.npmjs.org/once cache-miss
27 silly fetch manifest send@^1.1.0
28 silly packumentCache full:https://registry.npmjs.org/send cache-miss
29 silly fetch manifest vary@^1.1.2
30 silly packumentCache full:https://registry.npmjs.org/vary cache-miss
31 silly fetch manifest debug@^4.4.0
32 silly packumentCache full:https://registry.npmjs.org/debug cache-miss
33 http fetch GET 200 https://registry.npmjs.org/qs 295ms (cache miss)
34 silly packumentCache full:https://registry.npmjs.org/qs set size:undefined disposed:false
35 silly fetch manifest fresh@^2.0.0
36 silly packumentCache full:https://registry.npmjs.org/fresh cache-miss
37 http fetch GET 200 https://registry.npmjs.org/once 468ms (cache miss)
38 silly packumentCache full:https://registry.npmjs.org/once set size:undefined disposed:false
39 silly fetch manifest cookie@^0.7.1
40 silly packumentCache full:https://registry.npmjs.org/cookie cache-miss
41 http fetch GET 200 https://registry.npmjs.org/fresh 210ms (cache miss)
42 silly packumentCache full:https://registry.npmjs.org/fresh set size:undefined disposed:false
43 silly fetch manifest router@^2.2.0
44 silly packumentCache full:https://registry.npmjs.org/router cache-miss
45 http fetch GET 200 https://registry.npmjs.org/etag 553ms (cache miss)
46 silly packumentCache full:https://registry.npmjs.org/etag set size:undefined disposed:false
47 silly fetch manifest accepts@^2.0.0
48 silly packumentCache full:https://registry.npmjs.org/accepts cache-miss
49 http fetch GET 200 https://registry.npmjs.org/debug 563ms (cache miss)
50 silly packumentCache full:https://registry.npmjs.org/debug set size:undefined disposed:false
51 silly fetch manifest type-is@^2.0.1
52 silly packumentCache full:https://registry.npmjs.org/type-is cache-miss
53 http fetch GET 200 https://registry.npmjs.org/cookie 146ms (cache miss)
54 silly packumentCache full:https://registry.npmjs.org/cookie set size:undefined disposed:false
55 silly fetch manifest parseurl@^1.3.3
56 silly packumentCache full:https://registry.npmjs.org/parseurl cache-miss
57 http fetch GET 200 https://registry.npmjs.org/send 763ms (cache miss)
58 silly packumentCache full:https://registry.npmjs.org/send set size:undefined disposed:false
59 silly fetch manifest statuses@^2.0.1
60 silly packumentCache full:https://registry.npmjs.org/statuses cache-miss
61 http fetch GET 200 https://registry.npmjs.org/depd 809ms (cache miss)
62 silly packumentCache full:https://registry.npmjs.org/depd set size:undefined disposed:false
63 silly fetch manifest encodeurl@^2.0.0
64 silly packumentCache full:https://registry.npmjs.org/encodeurl cache-miss
65 http fetch GET 200 https://registry.npmjs.org/vary 819ms (cache miss)
66 silly packumentCache full:https://registry.npmjs.org/vary set size:undefined disposed:false
67 silly fetch manifest mime-types@^3.0.0
68 silly packumentCache full:https://registry.npmjs.org/mime-types cache-miss
69 http fetch GET 200 https://registry.npmjs.org/type-is 246ms (cache miss)
70 silly packumentCache full:https://registry.npmjs.org/type-is set size:undefined disposed:false
71 silly fetch manifest proxy-addr@^2.0.7
72 silly packumentCache full:https://registry.npmjs.org/proxy-addr cache-miss
73 http fetch GET 200 https://registry.npmjs.org/router 319ms (cache miss)
74 silly packumentCache full:https://registry.npmjs.org/router set size:undefined disposed:false
75 silly fetch manifest body-parser@^2.2.1
76 silly packumentCache full:https://registry.npmjs.org/body-parser cache-miss
77 http fetch GET 200 https://registry.npmjs.org/encodeurl 162ms (cache miss)
78 silly packumentCache full:https://registry.npmjs.org/encodeurl set size:undefined disposed:false
79 silly fetch manifest escape-html@^1.0.3
80 silly packumentCache full:https://registry.npmjs.org/escape-html cache-miss
81 http fetch GET 200 https://registry.npmjs.org/statuses 228ms (cache miss)
82 silly packumentCache full:https://registry.npmjs.org/statuses set size:undefined disposed:false
83 silly fetch manifest http-errors@^2.0.0
84 silly packumentCache full:https://registry.npmjs.org/http-errors cache-miss
85 http fetch GET 200 https://registry.npmjs.org/mime-types 221ms (cache miss)
86 silly packumentCache full:https://registry.npmjs.org/mime-types set size:undefined disposed:false
87 silly fetch manifest on-finished@^2.4.1
88 silly packumentCache full:https://registry.npmjs.org/on-finished cache-miss
89 http fetch GET 200 https://registry.npmjs.org/accepts 521ms (cache miss)
90 silly packumentCache full:https://registry.npmjs.org/accepts set size:undefined disposed:false
91 silly fetch manifest content-type@^1.0.5
92 silly packumentCache full:https://registry.npmjs.org/content-type cache-miss
93 http fetch GET 200 https://registry.npmjs.org/parseurl 454ms (cache miss)
94 silly packumentCache full:https://registry.npmjs.org/parseurl set size:undefined disposed:false
95 silly fetch manifest finalhandler@^2.1.0
96 silly packumentCache full:https://registry.npmjs.org/finalhandler cache-miss
97 http fetch GET 200 https://registry.npmjs.org/proxy-addr 262ms (cache miss)
98 silly packumentCache full:https://registry.npmjs.org/proxy-addr set size:undefined disposed:false
99 silly fetch manifest range-parser@^1.2.1
100 silly packumentCache full:https://registry.npmjs.org/range-parser cache-miss
101 http fetch GET 200 https://registry.npmjs.org/body-parser 261ms (cache miss)
102 silly packumentCache full:https://registry.npmjs.org/body-parser set size:undefined disposed:false
103 silly fetch manifest serve-static@^2.2.0
104 silly packumentCache full:https://registry.npmjs.org/serve-static cache-miss
105 http fetch GET 200 https://registry.npmjs.org/on-finished 147ms (cache miss)
106 silly packumentCache full:https://registry.npmjs.org/on-finished set size:undefined disposed:false
107 silly fetch manifest cookie-signature@^1.2.1
108 silly packumentCache full:https://registry.npmjs.org/cookie-signature cache-miss
109 http fetch GET 200 https://registry.npmjs.org/http-errors 208ms (cache miss)
110 silly packumentCache full:https://registry.npmjs.org/http-errors set size:undefined disposed:false
111 silly fetch manifest merge-descriptors@^2.0.0
112 silly packumentCache full:https://registry.npmjs.org/merge-descriptors cache-miss
113 http fetch GET 200 https://registry.npmjs.org/finalhandler 211ms (cache miss)
114 silly packumentCache full:https://registry.npmjs.org/finalhandler set size:undefined disposed:false
115 silly fetch manifest content-disposition@^1.0.0
116 silly packumentCache full:https://registry.npmjs.org/content-disposition cache-miss
117 http fetch GET 200 https://registry.npmjs.org/content-type 234ms (cache miss)
118 silly packumentCache full:https://registry.npmjs.org/content-type set size:undefined disposed:false
119 http fetch GET 200 https://registry.npmjs.org/range-parser 256ms (cache miss)
120 silly packumentCache full:https://registry.npmjs.org/range-parser set size:undefined disposed:false
121 http fetch GET 200 https://registry.npmjs.org/serve-static 239ms (cache miss)
122 silly packumentCache full:https://registry.npmjs.org/serve-static set size:undefined disposed:false
123 http fetch GET 200 https://registry.npmjs.org/cookie-signature 189ms (cache miss)
124 silly packumentCache full:https://registry.npmjs.org/cookie-signature set size:undefined disposed:false
125 http fetch GET 200 https://registry.npmjs.org/content-disposition 145ms (cache miss)
126 silly packumentCache full:https://registry.npmjs.org/content-disposition set size:undefined disposed:false
127 http fetch GET 200 https://registry.npmjs.org/merge-descriptors 363ms (cache miss)
128 silly packumentCache full:https://registry.npmjs.org/merge-descriptors set size:undefined disposed:false
129 http fetch GET 200 https://registry.npmjs.org/escape-html 692ms (cache miss)
130 silly packumentCache full:https://registry.npmjs.org/escape-html set size:undefined disposed:false
131 silly placeDep ROOT accepts@2.0.0 OK for: express@5.2.1 want: ^2.0.0
132 silly placeDep ROOT body-parser@2.3.0 OK for: express@5.2.1 want: ^2.2.1
133 silly placeDep ROOT content-disposition@1.1.0 OK for: express@5.2.1 want: ^1.0.0
134 silly placeDep ROOT content-type@1.0.5 OK for: express@5.2.1 want: ^1.0.5
135 silly placeDep ROOT cookie@0.7.2 OK for: express@5.2.1 want: ^0.7.1
136 silly placeDep ROOT cookie-signature@1.2.2 OK for: express@5.2.1 want: ^1.2.1
137 silly placeDep ROOT debug@4.4.3 OK for: express@5.2.1 want: ^4.4.0
138 silly placeDep ROOT depd@2.0.0 OK for: express@5.2.1 want: ^2.0.0
139 silly placeDep ROOT encodeurl@2.0.0 OK for: express@5.2.1 want: ^2.0.0
140 silly placeDep ROOT escape-html@1.0.3 OK for: express@5.2.1 want: ^1.0.3
141 silly placeDep ROOT etag@1.8.1 OK for: express@5.2.1 want: ^1.8.1
142 silly placeDep ROOT finalhandler@2.1.1 OK for: express@5.2.1 want: ^2.1.0
143 silly placeDep ROOT fresh@2.0.0 OK for: express@5.2.1 want: ^2.0.0
144 silly placeDep ROOT http-errors@2.0.1 OK for: express@5.2.1 want: ^2.0.0
145 silly placeDep ROOT merge-descriptors@2.0.0 OK for: express@5.2.1 want: ^2.0.0
146 silly placeDep ROOT mime-types@3.0.2 OK for: express@5.2.1 want: ^3.0.0
147 silly placeDep ROOT on-finished@2.4.1 OK for: express@5.2.1 want: ^2.4.1
148 silly placeDep ROOT once@1.4.0 OK for: express@5.2.1 want: ^1.4.0
149 silly placeDep ROOT parseurl@1.3.3 OK for: express@5.2.1 want: ^1.3.3
150 silly placeDep ROOT proxy-addr@2.0.7 OK for: express@5.2.1 want: ^2.0.7
151 silly placeDep ROOT qs@6.15.3 OK for: express@5.2.1 want: ^6.14.0
152 silly placeDep ROOT range-parser@1.3.0 OK for: express@5.2.1 want: ^1.2.1
153 silly placeDep ROOT router@2.2.0 OK for: express@5.2.1 want: ^2.2.0
154 silly placeDep ROOT send@1.2.1 OK for: express@5.2.1 want: ^1.1.0
155 silly placeDep ROOT serve-static@2.2.1 OK for: express@5.2.1 want: ^2.2.0
156 silly placeDep ROOT statuses@2.0.2 OK for: express@5.2.1 want: ^2.0.1
157 silly placeDep ROOT type-is@2.1.0 OK for: express@5.2.1 want: ^2.0.1
158 silly placeDep ROOT vary@1.1.2 OK for: express@5.2.1 want: ^1.1.2
159 silly fetch manifest negotiator@^1.0.0
160 silly packumentCache full:https://registry.npmjs.org/negotiator cache-miss
161 silly fetch manifest qs@^6.15.2
162 silly packumentCache full:https://registry.npmjs.org/qs cache-miss
163 silly fetch manifest bytes@^3.1.2
164 silly packumentCache full:https://registry.npmjs.org/bytes cache-miss
165 silly fetch manifest debug@^4.4.3
166 silly packumentCache full:https://registry.npmjs.org/debug cache-miss
167 silly fetch manifest type-is@^2.1.0
168 silly packumentCache full:https://registry.npmjs.org/type-is cache-miss
169 silly fetch manifest raw-body@^3.0.2
170 silly packumentCache full:https://registry.npmjs.org/raw-body cache-miss
171 silly fetch manifest iconv-lite@^0.7.2
172 silly packumentCache full:https://registry.npmjs.org/iconv-lite cache-miss
173 http cache https://registry.npmjs.org/qs 80ms (cache hit)
174 silly packumentCache full:https://registry.npmjs.org/qs set size:360318 disposed:false
175 silly fetch manifest http-errors@^2.0.1
176 silly packumentCache full:https://registry.npmjs.org/http-errors cache-miss
177 http cache https://registry.npmjs.org/type-is 103ms (cache hit)
178 silly packumentCache full:https://registry.npmjs.org/type-is set size:88614 disposed:false
179 silly fetch manifest content-type@^2.0.0
180 silly packumentCache full:https://registry.npmjs.org/content-type cache-miss
181 http cache https://registry.npmjs.org/debug 119ms (cache hit)
182 silly packumentCache full:https://registry.npmjs.org/debug set size:195840 disposed:false
183 silly fetch manifest ms@^2.1.3
184 silly packumentCache full:https://registry.npmjs.org/ms cache-miss
185 http cache https://registry.npmjs.org/http-errors 103ms (cache hit)
186 silly packumentCache full:https://registry.npmjs.org/http-errors set size:71987 disposed:false
187 silly fetch manifest inherits@~2.0.4
188 silly packumentCache full:https://registry.npmjs.org/inherits cache-miss
189 http cache https://registry.npmjs.org/content-type 113ms (cache hit)
190 silly packumentCache full:https://registry.npmjs.org/content-type set size:18994 disposed:false
191 silly fetch manifest setprototypeof@~1.2.0
192 silly packumentCache full:https://registry.npmjs.org/setprototypeof cache-miss
193 http fetch GET 200 https://registry.npmjs.org/bytes 268ms (cache miss)
194 silly packumentCache full:https://registry.npmjs.org/bytes set size:undefined disposed:false
195 silly fetch manifest statuses@~2.0.2
196 silly packumentCache full:https://registry.npmjs.org/statuses cache-miss
197 http fetch GET 200 https://registry.npmjs.org/negotiator 284ms (cache miss)
198 silly packumentCache full:https://registry.npmjs.org/negotiator set size:undefined disposed:false
199 silly fetch manifest toidentifier@~1.0.1
200 silly packumentCache full:https://registry.npmjs.org/toidentifier cache-miss
201 http fetch GET 200 https://registry.npmjs.org/raw-body 293ms (cache miss)
202 silly packumentCache full:https://registry.npmjs.org/raw-body set size:undefined disposed:false
203 silly fetch manifest mime-db@^1.54.0
204 silly packumentCache full:https://registry.npmjs.org/mime-db cache-miss
205 http fetch GET 200 https://registry.npmjs.org/iconv-lite 304ms (cache miss)
206 silly packumentCache full:https://registry.npmjs.org/iconv-lite set size:undefined disposed:false
207 silly fetch manifest ee-first@1.1.1
208 silly packumentCache full:https://registry.npmjs.org/ee-first cache-miss
209 http cache https://registry.npmjs.org/statuses 80ms (cache hit)
210 silly packumentCache full:https://registry.npmjs.org/statuses set size:37117 disposed:false
211 silly fetch manifest wrappy@1
212 silly packumentCache full:https://registry.npmjs.org/wrappy cache-miss
213 http fetch GET 200 https://registry.npmjs.org/ms 235ms (cache miss)
214 silly packumentCache full:https://registry.npmjs.org/ms set size:undefined disposed:false
215 silly fetch manifest forwarded@0.2.0
216 silly packumentCache full:https://registry.npmjs.org/forwarded cache-miss
217 http fetch GET 200 https://registry.npmjs.org/setprototypeof 170ms (cache miss)
218 silly packumentCache full:https://registry.npmjs.org/setprototypeof set size:undefined disposed:false
219 silly fetch manifest ipaddr.js@1.9.1
220 silly packumentCache full:https://registry.npmjs.org/ipaddr.js cache-miss
221 http fetch GET 200 https://registry.npmjs.org/inherits 214ms (cache miss)
222 silly packumentCache full:https://registry.npmjs.org/inherits set size:undefined disposed:false
223 silly fetch manifest side-channel@^1.1.1
224 silly packumentCache full:https://registry.npmjs.org/side-channel cache-miss
225 http fetch GET 200 https://registry.npmjs.org/toidentifier 161ms (cache miss)
226 silly packumentCache full:https://registry.npmjs.org/toidentifier set size:undefined disposed:false
227 silly fetch manifest es-define-property@^1.0.1
228 silly packumentCache full:https://registry.npmjs.org/es-define-property cache-miss
229 http fetch GET 200 https://registry.npmjs.org/mime-db 159ms (cache miss)
230 silly packumentCache full:https://registry.npmjs.org/mime-db set size:undefined disposed:false
231 silly fetch manifest is-promise@^4.0.0
232 silly packumentCache full:https://registry.npmjs.org/is-promise cache-miss
233 http fetch GET 200 https://registry.npmjs.org/ipaddr.js 121ms (cache miss)
234 silly packumentCache full:https://registry.npmjs.org/ipaddr.js set size:undefined disposed:false
235 silly fetch manifest path-to-regexp@^8.0.0
236 silly packumentCache full:https://registry.npmjs.org/path-to-regexp cache-miss
237 http fetch GET 200 https://registry.npmjs.org/forwarded 174ms (cache miss)
238 silly packumentCache full:https://registry.npmjs.org/forwarded set size:undefined disposed:false
239 silly fetch manifest statuses@^2.0.2
240 silly packumentCache full:https://registry.npmjs.org/statuses cache-hit
241 silly fetch manifest media-typer@^1.1.0
242 silly packumentCache full:https://registry.npmjs.org/media-typer cache-miss
243 http fetch GET 200 https://registry.npmjs.org/wrappy 228ms (cache miss)
244 silly packumentCache full:https://registry.npmjs.org/wrappy set size:undefined disposed:false
245 http fetch GET 200 https://registry.npmjs.org/es-define-property 148ms (cache miss)
246 silly packumentCache full:https://registry.npmjs.org/es-define-property set size:undefined disposed:false
247 http fetch GET 200 https://registry.npmjs.org/side-channel 169ms (cache miss)
248 silly packumentCache full:https://registry.npmjs.org/side-channel set size:undefined disposed:false
249 http fetch GET 200 https://registry.npmjs.org/is-promise 137ms (cache miss)
250 silly packumentCache full:https://registry.npmjs.org/is-promise set size:undefined disposed:false
251 http fetch GET 200 https://registry.npmjs.org/ee-first 366ms (cache miss)
252 silly packumentCache full:https://registry.npmjs.org/ee-first set size:undefined disposed:false
253 http fetch GET 200 https://registry.npmjs.org/path-to-regexp 155ms (cache miss)
254 silly packumentCache full:https://registry.npmjs.org/path-to-regexp set size:undefined disposed:false
255 http fetch GET 200 https://registry.npmjs.org/media-typer 164ms (cache miss)
256 silly packumentCache full:https://registry.npmjs.org/media-typer set size:undefined disposed:false
257 silly placeDep ROOT negotiator@1.0.0 OK for: accepts@2.0.0 want: ^1.0.0
258 silly placeDep ROOT bytes@3.1.2 OK for: body-parser@2.3.0 want: ^3.1.2
259 silly placeDep node_modules/body-parser content-type@2.0.0 OK for: body-parser@2.3.0 want: ^2.0.0
260 silly placeDep ROOT iconv-lite@0.7.3 OK for: body-parser@2.3.0 want: ^0.7.2
261 silly placeDep ROOT raw-body@3.0.2 OK for: body-parser@2.3.0 want: ^3.0.2
262 silly fetch manifest safer-buffer@>= 2.1.2 < 3.0.0
263 silly packumentCache full:https://registry.npmjs.org/safer-buffer cache-miss
264 silly fetch manifest unpipe@~1.0.0
265 silly packumentCache full:https://registry.npmjs.org/unpipe cache-miss
266 http fetch GET 200 https://registry.npmjs.org/safer-buffer 112ms (cache miss)
267 silly packumentCache full:https://registry.npmjs.org/safer-buffer set size:undefined disposed:false
268 http fetch GET 200 https://registry.npmjs.org/unpipe 178ms (cache miss)
269 silly packumentCache full:https://registry.npmjs.org/unpipe set size:undefined disposed:false
270 silly placeDep ROOT ms@2.1.3 OK for: debug@4.4.3 want: ^2.1.3
271 silly placeDep ROOT inherits@2.0.4 OK for: http-errors@2.0.1 want: ~2.0.4
272 silly placeDep ROOT setprototypeof@1.2.0 OK for: http-errors@2.0.1 want: ~1.2.0
273 silly placeDep ROOT toidentifier@1.0.1 OK for: http-errors@2.0.1 want: ~1.0.1
274 silly placeDep ROOT safer-buffer@2.1.2 OK for: iconv-lite@0.7.3 want: >= 2.1.2 < 3.0.0
275 silly placeDep ROOT mime-db@1.54.0 OK for: mime-types@3.0.2 want: ^1.54.0
276 silly placeDep ROOT ee-first@1.1.1 OK for: on-finished@2.4.1 want: 1.1.1
277 silly placeDep ROOT wrappy@1.0.2 OK for: once@1.4.0 want: 1
278 silly placeDep ROOT forwarded@0.2.0 OK for: proxy-addr@2.0.7 want: 0.2.0
279 silly placeDep ROOT ipaddr.js@1.9.1 OK for: proxy-addr@2.0.7 want: 1.9.1
280 silly placeDep ROOT es-define-property@1.0.1 OK for: qs@6.15.3 want: ^1.0.1
281 silly placeDep ROOT side-channel@1.1.1 OK for: qs@6.15.3 want: ^1.1.1
282 silly fetch manifest es-errors@^1.3.0
283 silly packumentCache full:https://registry.npmjs.org/es-errors cache-miss
284 silly fetch manifest object-inspect@^1.13.4
285 silly packumentCache full:https://registry.npmjs.org/object-inspect cache-miss
286 silly fetch manifest side-channel-list@^1.0.1
287 silly packumentCache full:https://registry.npmjs.org/side-channel-list cache-miss
288 silly fetch manifest side-channel-map@^1.0.1
289 silly packumentCache full:https://registry.npmjs.org/side-channel-map cache-miss
290 silly fetch manifest side-channel-weakmap@^1.0.2
291 silly packumentCache full:https://registry.npmjs.org/side-channel-weakmap cache-miss
292 http fetch GET 200 https://registry.npmjs.org/side-channel-list 188ms (cache miss)
293 silly packumentCache full:https://registry.npmjs.org/side-channel-list set size:undefined disposed:false
294 http fetch GET 200 https://registry.npmjs.org/side-channel-map 191ms (cache miss)
295 silly packumentCache full:https://registry.npmjs.org/side-channel-map set size:undefined disposed:false
296 http fetch GET 200 https://registry.npmjs.org/side-channel-weakmap 194ms (cache miss)
297 silly packumentCache full:https://registry.npmjs.org/side-channel-weakmap set size:undefined disposed:false
298 http fetch GET 200 https://registry.npmjs.org/object-inspect 208ms (cache miss)
299 silly packumentCache full:https://registry.npmjs.org/object-inspect set size:undefined disposed:false
300 http fetch GET 200 https://registry.npmjs.org/es-errors 440ms (cache miss)
301 silly packumentCache full:https://registry.npmjs.org/es-errors set size:undefined disposed:false
302 silly placeDep ROOT unpipe@1.0.0 OK for: raw-body@3.0.2 want: ~1.0.0
303 silly placeDep ROOT is-promise@4.0.0 OK for: router@2.2.0 want: ^4.0.0
304 silly placeDep ROOT path-to-regexp@8.4.2 OK for: router@2.2.0 want: ^8.0.0
305 silly placeDep ROOT es-errors@1.3.0 OK for: side-channel@1.1.1 want: ^1.3.0
306 silly placeDep ROOT object-inspect@1.13.4 OK for: side-channel@1.1.1 want: ^1.13.4
307 silly placeDep ROOT side-channel-list@1.0.1 OK for: side-channel@1.1.1 want: ^1.0.1
308 silly placeDep ROOT side-channel-map@1.0.1 OK for: side-channel@1.1.1 want: ^1.0.1
309 silly placeDep ROOT side-channel-weakmap@1.0.2 OK for: side-channel@1.1.1 want: ^1.0.2
310 silly fetch manifest call-bound@^1.0.2
311 silly packumentCache full:https://registry.npmjs.org/call-bound cache-miss
312 silly fetch manifest get-intrinsic@^1.2.5
313 silly packumentCache full:https://registry.npmjs.org/get-intrinsic cache-miss
314 silly fetch manifest call-bound@^1.0.2
315 silly packumentCache full:https://registry.npmjs.org/call-bound cache-miss
316 silly fetch manifest get-intrinsic@^1.2.5
317 silly packumentCache full:https://registry.npmjs.org/get-intrinsic cache-miss
318 http fetch GET 200 https://registry.npmjs.org/call-bound 125ms (cache miss)
319 silly packumentCache full:https://registry.npmjs.org/call-bound set size:undefined disposed:false
320 http fetch GET 200 https://registry.npmjs.org/call-bound 143ms (cache miss)
321 silly packumentCache full:https://registry.npmjs.org/call-bound set size:undefined disposed:false
322 http fetch GET 200 https://registry.npmjs.org/get-intrinsic 204ms (cache miss)
323 silly packumentCache full:https://registry.npmjs.org/get-intrinsic set size:undefined disposed:false
324 http fetch GET 200 https://registry.npmjs.org/get-intrinsic 232ms (cache miss)
325 silly packumentCache full:https://registry.npmjs.org/get-intrinsic set size:undefined disposed:false
326 silly placeDep ROOT call-bound@1.0.4 OK for: side-channel-map@1.0.1 want: ^1.0.2
327 silly placeDep ROOT get-intrinsic@1.3.0 OK for: side-channel-map@1.0.1 want: ^1.2.5
328 silly fetch manifest call-bind-apply-helpers@^1.0.2
329 silly packumentCache full:https://registry.npmjs.org/call-bind-apply-helpers cache-miss
330 silly fetch manifest get-intrinsic@^1.3.0
331 silly packumentCache full:https://registry.npmjs.org/get-intrinsic cache-miss
332 silly fetch manifest gopd@^1.2.0
333 silly packumentCache full:https://registry.npmjs.org/gopd cache-miss
334 silly fetch manifest hasown@^2.0.2
335 silly packumentCache full:https://registry.npmjs.org/hasown cache-miss
336 silly fetch manifest get-proto@^1.0.1
337 silly packumentCache full:https://registry.npmjs.org/get-proto cache-miss
338 silly fetch manifest has-symbols@^1.1.0
339 silly packumentCache full:https://registry.npmjs.org/has-symbols cache-miss
340 silly fetch manifest function-bind@^1.1.2
341 silly packumentCache full:https://registry.npmjs.org/function-bind cache-miss
342 http cache https://registry.npmjs.org/get-intrinsic 70ms (cache hit)
343 silly packumentCache full:https://registry.npmjs.org/get-intrinsic set size:60985 disposed:false
344 silly fetch manifest es-object-atoms@^1.1.1
345 silly packumentCache full:https://registry.npmjs.org/es-object-atoms cache-miss
346 http fetch GET 200 https://registry.npmjs.org/function-bind 143ms (cache miss)
347 silly packumentCache full:https://registry.npmjs.org/function-bind set size:undefined disposed:false
348 silly fetch manifest math-intrinsics@^1.1.0
349 silly packumentCache full:https://registry.npmjs.org/math-intrinsics cache-miss
350 http fetch GET 200 https://registry.npmjs.org/gopd 192ms (cache miss)
351 silly packumentCache full:https://registry.npmjs.org/gopd set size:undefined disposed:false
352 silly fetch manifest call-bind-apply-helpers@^1.0.2
353 silly packumentCache full:https://registry.npmjs.org/call-bind-apply-helpers cache-miss
354 http fetch GET 200 https://registry.npmjs.org/get-proto 220ms (cache miss)
355 silly packumentCache full:https://registry.npmjs.org/get-proto set size:undefined disposed:false
356 http fetch GET 200 https://registry.npmjs.org/has-symbols 226ms (cache miss)
357 silly packumentCache full:https://registry.npmjs.org/has-symbols set size:undefined disposed:false
358 http fetch GET 200 https://registry.npmjs.org/hasown 236ms (cache miss)
359 silly packumentCache full:https://registry.npmjs.org/hasown set size:undefined disposed:false
360 http fetch GET 200 https://registry.npmjs.org/es-object-atoms 168ms (cache miss)
361 silly packumentCache full:https://registry.npmjs.org/es-object-atoms set size:undefined disposed:false
362 http fetch GET 200 https://registry.npmjs.org/call-bind-apply-helpers 256ms (cache miss)
363 silly packumentCache full:https://registry.npmjs.org/call-bind-apply-helpers set size:undefined disposed:false
364 http fetch GET 200 https://registry.npmjs.org/call-bind-apply-helpers 122ms (cache miss)
365 silly packumentCache full:https://registry.npmjs.org/call-bind-apply-helpers set size:undefined disposed:false
366 http fetch GET 200 https://registry.npmjs.org/math-intrinsics 170ms (cache miss)
367 silly packumentCache full:https://registry.npmjs.org/math-intrinsics set size:undefined disposed:false
368 silly placeDep ROOT call-bind-apply-helpers@1.0.2 OK for: call-bound@1.0.4 want: ^1.0.2
369 silly placeDep ROOT function-bind@1.1.2 OK for: call-bind-apply-helpers@1.0.2 want: ^1.1.2
370 silly placeDep ROOT es-object-atoms@1.1.2 OK for: get-intrinsic@1.3.0 want: ^1.1.1
371 silly placeDep ROOT get-proto@1.0.1 OK for: get-intrinsic@1.3.0 want: ^1.0.1
372 silly placeDep ROOT gopd@1.2.0 OK for: get-intrinsic@1.3.0 want: ^1.2.0
373 silly placeDep ROOT has-symbols@1.1.0 OK for: get-intrinsic@1.3.0 want: ^1.1.0
374 silly placeDep ROOT hasown@2.0.4 OK for: get-intrinsic@1.3.0 want: ^2.0.2
375 silly placeDep ROOT math-intrinsics@1.1.0 OK for: get-intrinsic@1.3.0 want: ^1.1.0
376 silly fetch manifest dunder-proto@^1.0.1
377 silly packumentCache full:https://registry.npmjs.org/dunder-proto cache-miss
378 http fetch GET 200 https://registry.npmjs.org/dunder-proto 150ms (cache miss)
379 silly packumentCache full:https://registry.npmjs.org/dunder-proto set size:undefined disposed:false
380 silly placeDep ROOT dunder-proto@1.0.1 OK for: get-proto@1.0.1 want: ^1.0.1
381 silly placeDep node_modules/type-is content-type@2.0.0 OK for: type-is@2.1.0 want: ^2.0.0
382 silly placeDep ROOT media-typer@1.1.0 OK for: type-is@2.1.0 want: ^1.1.0
383 silly reify moves {}
384 silly audit bulk request {
384 silly audit   express: [ '5.2.1' ],
384 silly audit   accepts: [ '2.0.0' ],
384 silly audit   'body-parser': [ '2.3.0' ],
384 silly audit   'content-disposition': [ '1.1.0' ],
384 silly audit   'content-type': [ '1.0.5', '2.0.0' ],
384 silly audit   cookie: [ '0.7.2' ],
384 silly audit   'cookie-signature': [ '1.2.2' ],
384 silly audit   debug: [ '4.4.3' ],
384 silly audit   depd: [ '2.0.0' ],
384 silly audit   encodeurl: [ '2.0.0' ],
384 silly audit   'escape-html': [ '1.0.3' ],
384 silly audit   etag: [ '1.8.1' ],
384 silly audit   finalhandler: [ '2.1.1' ],
384 silly audit   fresh: [ '2.0.0' ],
384 silly audit   'http-errors': [ '2.0.1' ],
384 silly audit   'merge-descriptors': [ '2.0.0' ],
384 silly audit   'mime-types': [ '3.0.2' ],
384 silly audit   'on-finished': [ '2.4.1' ],
384 silly audit   once: [ '1.4.0' ],
384 silly audit   parseurl: [ '1.3.3' ],
384 silly audit   'proxy-addr': [ '2.0.7' ],
384 silly audit   qs: [ '6.15.3' ],
384 silly audit   'range-parser': [ '1.3.0' ],
384 silly audit   router: [ '2.2.0' ],
384 silly audit   send: [ '1.2.1' ],
384 silly audit   'serve-static': [ '2.2.1' ],
384 silly audit   statuses: [ '2.0.2' ],
384 silly audit   'type-is': [ '2.1.0' ],
384 silly audit   vary: [ '1.1.2' ],
384 silly audit   negotiator: [ '1.0.0' ],
384 silly audit   bytes: [ '3.1.2' ],
384 silly audit   'iconv-lite': [ '0.7.3' ],
384 silly audit   'raw-body': [ '3.0.2' ],
384 silly audit   ms: [ '2.1.3' ],
384 silly audit   inherits: [ '2.0.4' ],
384 silly audit   setprototypeof: [ '1.2.0' ],
384 silly audit   toidentifier: [ '1.0.1' ],
384 silly audit   'safer-buffer': [ '2.1.2' ],
384 silly audit   'mime-db': [ '1.54.0' ],
384 silly audit   'ee-first': [ '1.1.1' ],
384 silly audit   wrappy: [ '1.0.2' ],
384 silly audit   forwarded: [ '0.2.0' ],
384 silly audit   'ipaddr.js': [ '1.9.1' ],
384 silly audit   'es-define-property': [ '1.0.1' ],
384 silly audit   'side-channel': [ '1.1.1' ],
384 silly audit   unpipe: [ '1.0.0' ],
384 silly audit   'is-promise': [ '4.0.0' ],
384 silly audit   'path-to-regexp': [ '8.4.2' ],
384 silly audit   'es-errors': [ '1.3.0' ],
384 silly audit   'object-inspect': [ '1.13.4' ],
384 silly audit   'side-channel-list': [ '1.0.1' ],
384 silly audit   'side-channel-map': [ '1.0.1' ],
384 silly audit   'side-channel-weakmap': [ '1.0.2' ],
384 silly audit   'call-bound': [ '1.0.4' ],
384 silly audit   'get-intrinsic': [ '1.3.0' ],
384 silly audit   'call-bind-apply-helpers': [ '1.0.2' ],
384 silly audit   'function-bind': [ '1.1.2' ],
384 silly audit   'es-object-atoms': [ '1.1.2' ],
384 silly audit   'get-proto': [ '1.0.1' ],
384 silly audit   gopd: [ '1.2.0' ],
384 silly audit   'has-symbols': [ '1.1.0' ],
384 silly audit   hasown: [ '2.0.4' ],
384 silly audit   'math-intrinsics': [ '1.1.0' ],
384 silly audit   'dunder-proto': [ '1.0.1' ],
384 silly audit   'media-typer': [ '1.1.0' ]
384 silly audit }
385 http cache media-typer@https://registry.npmjs.org/media-typer/-/media-typer-1.1.0.tgz 0ms (cache hit)
386 http cache dunder-proto@https://registry.npmjs.org/dunder-proto/-/dunder-proto-1.0.1.tgz 0ms (cache hit)
387 http cache math-intrinsics@https://registry.npmjs.org/math-intrinsics/-/math-intrinsics-1.1.0.tgz 0ms (cache hit)
388 http cache hasown@https://registry.npmjs.org/hasown/-/hasown-2.0.4.tgz 0ms (cache hit)
389 http cache has-symbols@https://registry.npmjs.org/has-symbols/-/has-symbols-1.1.0.tgz 0ms (cache hit)
390 http cache gopd@https://registry.npmjs.org/gopd/-/gopd-1.2.0.tgz 1ms (cache hit)
391 http cache get-proto@https://registry.npmjs.org/get-proto/-/get-proto-1.0.1.tgz 0ms (cache hit)
392 http cache function-bind@https://registry.npmjs.org/function-bind/-/function-bind-1.1.2.tgz 1ms (cache hit)
393 http cache call-bind-apply-helpers@https://registry.npmjs.org/call-bind-apply-helpers/-/call-bind-apply-helpers-1.0.2.tgz 0ms (cache hit)
394 http cache es-object-atoms@https://registry.npmjs.org/es-object-atoms/-/es-object-atoms-1.1.2.tgz 0ms (cache hit)
395 http cache get-intrinsic@https://registry.npmjs.org/get-intrinsic/-/get-intrinsic-1.3.0.tgz 0ms (cache hit)
396 http cache call-bound@https://registry.npmjs.org/call-bound/-/call-bound-1.0.4.tgz 0ms (cache hit)
397 http cache side-channel-weakmap@https://registry.npmjs.org/side-channel-weakmap/-/side-channel-weakmap-1.0.2.tgz 0ms (cache hit)
398 http cache side-channel-map@https://registry.npmjs.org/side-channel-map/-/side-channel-map-1.0.1.tgz 0ms (cache hit)
399 http cache side-channel-list@https://registry.npmjs.org/side-channel-list/-/side-channel-list-1.0.1.tgz 0ms (cache hit)
400 http cache object-inspect@https://registry.npmjs.org/object-inspect/-/object-inspect-1.13.4.tgz 0ms (cache hit)
401 http cache es-errors@https://registry.npmjs.org/es-errors/-/es-errors-1.3.0.tgz 0ms (cache hit)
402 http cache path-to-regexp@https://registry.npmjs.org/path-to-regexp/-/path-to-regexp-8.4.2.tgz 0ms (cache hit)
403 http cache is-promise@https://registry.npmjs.org/is-promise/-/is-promise-4.0.0.tgz 0ms (cache hit)
404 http cache unpipe@https://registry.npmjs.org/unpipe/-/unpipe-1.0.0.tgz 0ms (cache hit)
405 http cache side-channel@https://registry.npmjs.org/side-channel/-/side-channel-1.1.1.tgz 0ms (cache hit)
406 http cache es-define-property@https://registry.npmjs.org/es-define-property/-/es-define-property-1.0.1.tgz 0ms (cache hit)
407 http cache ipaddr.js@https://registry.npmjs.org/ipaddr.js/-/ipaddr.js-1.9.1.tgz 0ms (cache hit)
408 http cache forwarded@https://registry.npmjs.org/forwarded/-/forwarded-0.2.0.tgz 0ms (cache hit)
409 http cache wrappy@https://registry.npmjs.org/wrappy/-/wrappy-1.0.2.tgz 0ms (cache hit)
410 http cache ee-first@https://registry.npmjs.org/ee-first/-/ee-first-1.1.1.tgz 0ms (cache hit)
411 http cache mime-db@https://registry.npmjs.org/mime-db/-/mime-db-1.54.0.tgz 0ms (cache hit)
412 http cache safer-buffer@https://registry.npmjs.org/safer-buffer/-/safer-buffer-2.1.2.tgz 1ms (cache hit)
413 http cache toidentifier@https://registry.npmjs.org/toidentifier/-/toidentifier-1.0.1.tgz 0ms (cache hit)
414 http cache setprototypeof@https://registry.npmjs.org/setprototypeof/-/setprototypeof-1.2.0.tgz 0ms (cache hit)
415 http cache inherits@https://registry.npmjs.org/inherits/-/inherits-2.0.4.tgz 0ms (cache hit)
416 http cache ms@https://registry.npmjs.org/ms/-/ms-2.1.3.tgz 0ms (cache hit)
417 http cache raw-body@https://registry.npmjs.org/raw-body/-/raw-body-3.0.2.tgz 0ms (cache hit)
418 http cache iconv-lite@https://registry.npmjs.org/iconv-lite/-/iconv-lite-0.7.3.tgz 0ms (cache hit)
419 http cache bytes@https://registry.npmjs.org/bytes/-/bytes-3.1.2.tgz 0ms (cache hit)
420 http cache negotiator@https://registry.npmjs.org/negotiator/-/negotiator-1.0.0.tgz 0ms (cache hit)
421 http cache vary@https://registry.npmjs.org/vary/-/vary-1.1.2.tgz 0ms (cache hit)
422 http cache type-is@https://registry.npmjs.org/type-is/-/type-is-2.1.0.tgz 0ms (cache hit)
423 http cache serve-static@https://registry.npmjs.org/serve-static/-/serve-static-2.2.1.tgz 0ms (cache hit)
424 http cache send@https://registry.npmjs.org/send/-/send-1.2.1.tgz 0ms (cache hit)
425 http cache statuses@https://registry.npmjs.org/statuses/-/statuses-2.0.2.tgz 0ms (cache hit)
426 http cache router@https://registry.npmjs.org/router/-/router-2.2.0.tgz 0ms (cache hit)
427 http cache range-parser@https://registry.npmjs.org/range-parser/-/range-parser-1.3.0.tgz 0ms (cache hit)
428 http cache qs@https://registry.npmjs.org/qs/-/qs-6.15.3.tgz 0ms (cache hit)
429 http cache proxy-addr@https://registry.npmjs.org/proxy-addr/-/proxy-addr-2.0.7.tgz 0ms (cache hit)
430 http cache once@https://registry.npmjs.org/once/-/once-1.4.0.tgz 0ms (cache hit)
431 http cache parseurl@https://registry.npmjs.org/parseurl/-/parseurl-1.3.3.tgz 0ms (cache hit)
432 http cache on-finished@https://registry.npmjs.org/on-finished/-/on-finished-2.4.1.tgz 0ms (cache hit)
433 http cache mime-types@https://registry.npmjs.org/mime-types/-/mime-types-3.0.2.tgz 0ms (cache hit)
434 http cache merge-descriptors@https://registry.npmjs.org/merge-descriptors/-/merge-descriptors-2.0.0.tgz 0ms (cache hit)
435 http cache http-errors@https://registry.npmjs.org/http-errors/-/http-errors-2.0.1.tgz 0ms (cache hit)
436 http cache fresh@https://registry.npmjs.org/fresh/-/fresh-2.0.0.tgz 0ms (cache hit)
437 http cache finalhandler@https://registry.npmjs.org/finalhandler/-/finalhandler-2.1.1.tgz 1ms (cache hit)
438 http cache etag@https://registry.npmjs.org/etag/-/etag-1.8.1.tgz 0ms (cache hit)
439 http cache escape-html@https://registry.npmjs.org/escape-html/-/escape-html-1.0.3.tgz 0ms (cache hit)
440 http cache depd@https://registry.npmjs.org/depd/-/depd-2.0.0.tgz 0ms (cache hit)
441 http cache encodeurl@https://registry.npmjs.org/encodeurl/-/encodeurl-2.0.0.tgz 1ms (cache hit)
442 http cache debug@https://registry.npmjs.org/debug/-/debug-4.4.3.tgz 0ms (cache hit)
443 http cache cookie-signature@https://registry.npmjs.org/cookie-signature/-/cookie-signature-1.2.2.tgz 0ms (cache hit)
444 http cache cookie@https://registry.npmjs.org/cookie/-/cookie-0.7.2.tgz 1ms (cache hit)
445 http cache content-type@https://registry.npmjs.org/content-type/-/content-type-1.0.5.tgz 0ms (cache hit)
446 http cache body-parser@https://registry.npmjs.org/body-parser/-/body-parser-2.3.0.tgz 0ms (cache hit)
447 http cache content-disposition@https://registry.npmjs.org/content-disposition/-/content-disposition-1.1.0.tgz 1ms (cache hit)
448 http cache accepts@https://registry.npmjs.org/accepts/-/accepts-2.0.0.tgz 0ms (cache hit)
449 http cache express@https://registry.npmjs.org/express/-/express-5.2.1.tgz 0ms (cache hit)
450 http cache content-type@https://registry.npmjs.org/content-type/-/content-type-2.0.0.tgz 0ms (cache hit)
451 http cache content-type@https://registry.npmjs.org/content-type/-/content-type-2.0.0.tgz 0ms (cache hit)
452 silly tarball no local data for media-typer@https://registry.npmjs.org/media-typer/-/media-typer-1.1.0.tgz. Extracting by manifest.
453 silly tarball no local data for dunder-proto@https://registry.npmjs.org/dunder-proto/-/dunder-proto-1.0.1.tgz. Extracting by manifest.
454 silly tarball no local data for math-intrinsics@https://registry.npmjs.org/math-intrinsics/-/math-intrinsics-1.1.0.tgz. Extracting by manifest.
455 silly tarball no local data for hasown@https://registry.npmjs.org/hasown/-/hasown-2.0.4.tgz. Extracting by manifest.
456 silly tarball no local data for has-symbols@https://registry.npmjs.org/has-symbols/-/has-symbols-1.1.0.tgz. Extracting by manifest.
457 silly tarball no local data for gopd@https://registry.npmjs.org/gopd/-/gopd-1.2.0.tgz. Extracting by manifest.
458 silly tarball no local data for get-proto@https://registry.npmjs.org/get-proto/-/get-proto-1.0.1.tgz. Extracting by manifest.
459 silly tarball no local data for function-bind@https://registry.npmjs.org/function-bind/-/function-bind-1.1.2.tgz. Extracting by manifest.
460 silly tarball no local data for call-bind-apply-helpers@https://registry.npmjs.org/call-bind-apply-helpers/-/call-bind-apply-helpers-1.0.2.tgz. Extracting by manifest.
461 silly tarball no local data for es-object-atoms@https://registry.npmjs.org/es-object-atoms/-/es-object-atoms-1.1.2.tgz. Extracting by manifest.
462 silly tarball no local data for get-intrinsic@https://registry.npmjs.org/get-intrinsic/-/get-intrinsic-1.3.0.tgz. Extracting by manifest.
463 silly tarball no local data for call-bound@https://registry.npmjs.org/call-bound/-/call-bound-1.0.4.tgz. Extracting by manifest.
464 silly tarball no local data for side-channel-weakmap@https://registry.npmjs.org/side-channel-weakmap/-/side-channel-weakmap-1.0.2.tgz. Extracting by manifest.
465 silly tarball no local data for side-channel-map@https://registry.npmjs.org/side-channel-map/-/side-channel-map-1.0.1.tgz. Extracting by manifest.
466 silly tarball no local data for side-channel-list@https://registry.npmjs.org/side-channel-list/-/side-channel-list-1.0.1.tgz. Extracting by manifest.
467 silly tarball no local data for object-inspect@https://registry.npmjs.org/object-inspect/-/object-inspect-1.13.4.tgz. Extracting by manifest.
468 silly tarball no local data for es-errors@https://registry.npmjs.org/es-errors/-/es-errors-1.3.0.tgz. Extracting by manifest.
469 silly tarball no local data for path-to-regexp@https://registry.npmjs.org/path-to-regexp/-/path-to-regexp-8.4.2.tgz. Extracting by manifest.
470 silly tarball no local data for is-promise@https://registry.npmjs.org/is-promise/-/is-promise-4.0.0.tgz. Extracting by manifest.
471 silly tarball no local data for unpipe@https://registry.npmjs.org/unpipe/-/unpipe-1.0.0.tgz. Extracting by manifest.
472 silly tarball no local data for side-channel@https://registry.npmjs.org/side-channel/-/side-channel-1.1.1.tgz. Extracting by manifest.
473 silly tarball no local data for es-define-property@https://registry.npmjs.org/es-define-property/-/es-define-property-1.0.1.tgz. Extracting by manifest.
474 silly tarball no local data for ipaddr.js@https://registry.npmjs.org/ipaddr.js/-/ipaddr.js-1.9.1.tgz. Extracting by manifest.
475 silly tarball no local data for forwarded@https://registry.npmjs.org/forwarded/-/forwarded-0.2.0.tgz. Extracting by manifest.
476 silly tarball no local data for wrappy@https://registry.npmjs.org/wrappy/-/wrappy-1.0.2.tgz. Extracting by manifest.
477 silly tarball no local data for ee-first@https://registry.npmjs.org/ee-first/-/ee-first-1.1.1.tgz. Extracting by manifest.
478 silly tarball no local data for mime-db@https://registry.npmjs.org/mime-db/-/mime-db-1.54.0.tgz. Extracting by manifest.
479 silly tarball no local data for safer-buffer@https://registry.npmjs.org/safer-buffer/-/safer-buffer-2.1.2.tgz. Extracting by manifest.
480 silly tarball no local data for toidentifier@https://registry.npmjs.org/toidentifier/-/toidentifier-1.0.1.tgz. Extracting by manifest.
481 silly tarball no local data for setprototypeof@https://registry.npmjs.org/setprototypeof/-/setprototypeof-1.2.0.tgz. Extracting by manifest.
482 silly tarball no local data for inherits@https://registry.npmjs.org/inherits/-/inherits-2.0.4.tgz. Extracting by manifest.
483 silly tarball no local data for ms@https://registry.npmjs.org/ms/-/ms-2.1.3.tgz. Extracting by manifest.
484 silly tarball no local data for raw-body@https://registry.npmjs.org/raw-body/-/raw-body-3.0.2.tgz. Extracting by manifest.
485 silly tarball no local data for bytes@https://registry.npmjs.org/bytes/-/bytes-3.1.2.tgz. Extracting by manifest.
486 silly tarball no local data for iconv-lite@https://registry.npmjs.org/iconv-lite/-/iconv-lite-0.7.3.tgz. Extracting by manifest.
487 silly tarball no local data for negotiator@https://registry.npmjs.org/negotiator/-/negotiator-1.0.0.tgz. Extracting by manifest.
488 silly tarball no local data for vary@https://registry.npmjs.org/vary/-/vary-1.1.2.tgz. Extracting by manifest.
489 silly tarball no local data for type-is@https://registry.npmjs.org/type-is/-/type-is-2.1.0.tgz. Extracting by manifest.
490 silly tarball no local data for serve-static@https://registry.npmjs.org/serve-static/-/serve-static-2.2.1.tgz. Extracting by manifest.
491 silly tarball no local data for send@https://registry.npmjs.org/send/-/send-1.2.1.tgz. Extracting by manifest.
492 silly tarball no local data for statuses@https://registry.npmjs.org/statuses/-/statuses-2.0.2.tgz. Extracting by manifest.
493 silly tarball no local data for router@https://registry.npmjs.org/router/-/router-2.2.0.tgz. Extracting by manifest.
494 silly tarball no local data for range-parser@https://registry.npmjs.org/range-parser/-/range-parser-1.3.0.tgz. Extracting by manifest.
495 silly tarball no local data for qs@https://registry.npmjs.org/qs/-/qs-6.15.3.tgz. Extracting by manifest.
496 silly tarball no local data for proxy-addr@https://registry.npmjs.org/proxy-addr/-/proxy-addr-2.0.7.tgz. Extracting by manifest.
497 silly tarball no local data for once@https://registry.npmjs.org/once/-/once-1.4.0.tgz. Extracting by manifest.
498 silly tarball no local data for parseurl@https://registry.npmjs.org/parseurl/-/parseurl-1.3.3.tgz. Extracting by manifest.
499 silly tarball no local data for on-finished@https://registry.npmjs.org/on-finished/-/on-finished-2.4.1.tgz. Extracting by manifest.
500 silly tarball no local data for mime-types@https://registry.npmjs.org/mime-types/-/mime-types-3.0.2.tgz. Extracting by manifest.
501 silly tarball no local data for merge-descriptors@https://registry.npmjs.org/merge-descriptors/-/merge-descriptors-2.0.0.tgz. Extracting by manifest.
502 silly tarball no local data for http-errors@https://registry.npmjs.org/http-errors/-/http-errors-2.0.1.tgz. Extracting by manifest.
503 silly tarball no local data for fresh@https://registry.npmjs.org/fresh/-/fresh-2.0.0.tgz. Extracting by manifest.
504 silly tarball no local data for finalhandler@https://registry.npmjs.org/finalhandler/-/finalhandler-2.1.1.tgz. Extracting by manifest.
505 silly tarball no local data for etag@https://registry.npmjs.org/etag/-/etag-1.8.1.tgz. Extracting by manifest.
506 silly tarball no local data for escape-html@https://registry.npmjs.org/escape-html/-/escape-html-1.0.3.tgz. Extracting by manifest.
507 silly tarball no local data for depd@https://registry.npmjs.org/depd/-/depd-2.0.0.tgz. Extracting by manifest.
508 silly tarball no local data for encodeurl@https://registry.npmjs.org/encodeurl/-/encodeurl-2.0.0.tgz. Extracting by manifest.
509 silly tarball no local data for debug@https://registry.npmjs.org/debug/-/debug-4.4.3.tgz. Extracting by manifest.
510 silly tarball no local data for cookie-signature@https://registry.npmjs.org/cookie-signature/-/cookie-signature-1.2.2.tgz. Extracting by manifest.
511 silly tarball no local data for cookie@https://registry.npmjs.org/cookie/-/cookie-0.7.2.tgz. Extracting by manifest.
512 silly tarball no local data for content-type@https://registry.npmjs.org/content-type/-/content-type-1.0.5.tgz. Extracting by manifest.
513 silly tarball no local data for body-parser@https://registry.npmjs.org/body-parser/-/body-parser-2.3.0.tgz. Extracting by manifest.
514 silly tarball no local data for content-disposition@https://registry.npmjs.org/content-disposition/-/content-disposition-1.1.0.tgz. Extracting by manifest.
515 silly tarball no local data for accepts@https://registry.npmjs.org/accepts/-/accepts-2.0.0.tgz. Extracting by manifest.
516 silly tarball no local data for express@https://registry.npmjs.org/express/-/express-5.2.1.tgz. Extracting by manifest.
517 silly tarball no local data for content-type@https://registry.npmjs.org/content-type/-/content-type-2.0.0.tgz. Extracting by manifest.
518 silly tarball no local data for content-type@https://registry.npmjs.org/content-type/-/content-type-2.0.0.tgz. Extracting by manifest.
519 http fetch POST 200 https://registry.npmjs.org/-/npm/v1/security/advisories/bulk 902ms
520 silly audit report {}
521 http fetch GET 200 https://registry.npmjs.org/media-typer/-/media-typer-1.1.0.tgz 1293ms (cache miss)
522 http fetch GET 200 https://registry.npmjs.org/gopd/-/gopd-1.2.0.tgz 1314ms (cache miss)
523 http fetch GET 200 https://registry.npmjs.org/hasown/-/hasown-2.0.4.tgz 1323ms (cache miss)
524 http fetch GET 200 https://registry.npmjs.org/side-channel-list/-/side-channel-list-1.0.1.tgz 1292ms (cache miss)
525 http fetch GET 200 https://registry.npmjs.org/dunder-proto/-/dunder-proto-1.0.1.tgz 1463ms (cache miss)
526 http fetch GET 200 https://registry.npmjs.org/is-promise/-/is-promise-4.0.0.tgz 1461ms (cache miss)
527 http fetch GET 200 https://registry.npmjs.org/path-to-regexp/-/path-to-regexp-8.4.2.tgz 1579ms (cache miss)
528 http fetch GET 200 https://registry.npmjs.org/unpipe/-/unpipe-1.0.0.tgz 1577ms (cache miss)
529 http fetch GET 200 https://registry.npmjs.org/forwarded/-/forwarded-0.2.0.tgz 1568ms (cache miss)
530 http fetch GET 200 https://registry.npmjs.org/es-define-property/-/es-define-property-1.0.1.tgz 1611ms (cache miss)
531 http fetch GET 200 https://registry.npmjs.org/side-channel/-/side-channel-1.1.1.tgz 1617ms (cache miss)
532 http fetch GET 200 https://registry.npmjs.org/wrappy/-/wrappy-1.0.2.tgz 1607ms (cache miss)
533 http fetch GET 200 https://registry.npmjs.org/ee-first/-/ee-first-1.1.1.tgz 1641ms (cache miss)
534 http fetch GET 200 https://registry.npmjs.org/ipaddr.js/-/ipaddr.js-1.9.1.tgz 1652ms (cache miss)
535 http fetch GET 200 https://registry.npmjs.org/safer-buffer/-/safer-buffer-2.1.2.tgz 1666ms (cache miss)
536 http fetch GET 200 https://registry.npmjs.org/toidentifier/-/toidentifier-1.0.1.tgz 1671ms (cache miss)
537 http fetch GET 200 https://registry.npmjs.org/setprototypeof/-/setprototypeof-1.2.0.tgz 1670ms (cache miss)
538 http fetch GET 200 https://registry.npmjs.org/bytes/-/bytes-3.1.2.tgz 1693ms (cache miss)
539 http fetch GET 200 https://registry.npmjs.org/has-symbols/-/has-symbols-1.1.0.tgz 1799ms (cache miss)
540 http fetch GET 200 https://registry.npmjs.org/get-proto/-/get-proto-1.0.1.tgz 1798ms (cache miss)
541 http fetch GET 200 https://registry.npmjs.org/ms/-/ms-2.1.3.tgz 1727ms (cache miss)
542 http fetch GET 200 https://registry.npmjs.org/inherits/-/inherits-2.0.4.tgz 1732ms (cache miss)
543 http fetch GET 200 https://registry.npmjs.org/es-errors/-/es-errors-1.3.0.tgz 1794ms (cache miss)
544 http fetch GET 200 https://registry.npmjs.org/raw-body/-/raw-body-3.0.2.tgz 1752ms (cache miss)
545 http fetch GET 200 https://registry.npmjs.org/side-channel-weakmap/-/side-channel-weakmap-1.0.2.tgz 1828ms (cache miss)
546 http fetch GET 200 https://registry.npmjs.org/negotiator/-/negotiator-1.0.0.tgz 1799ms (cache miss)
547 http fetch GET 200 https://registry.npmjs.org/range-parser/-/range-parser-1.3.0.tgz 1782ms (cache miss)
548 http fetch GET 200 https://registry.npmjs.org/es-object-atoms/-/es-object-atoms-1.1.2.tgz 1890ms (cache miss)
549 http fetch GET 200 https://registry.npmjs.org/vary/-/vary-1.1.2.tgz 1813ms (cache miss)
550 http fetch GET 200 https://registry.npmjs.org/send/-/send-1.2.1.tgz 1808ms (cache miss)
551 http fetch GET 200 https://registry.npmjs.org/side-channel-map/-/side-channel-map-1.0.1.tgz 1925ms (cache miss)
552 http fetch GET 200 https://registry.npmjs.org/merge-descriptors/-/merge-descriptors-2.0.0.tgz 1824ms (cache miss)
553 http fetch GET 200 https://registry.npmjs.org/on-finished/-/on-finished-2.4.1.tgz 1832ms (cache miss)
554 http fetch GET 200 https://registry.npmjs.org/once/-/once-1.4.0.tgz 1840ms (cache miss)
555 http fetch GET 200 https://registry.npmjs.org/statuses/-/statuses-2.0.2.tgz 1863ms (cache miss)
556 http fetch GET 200 https://registry.npmjs.org/finalhandler/-/finalhandler-2.1.1.tgz 1832ms (cache miss)
557 http fetch GET 200 https://registry.npmjs.org/cookie-signature/-/cookie-signature-1.2.2.tgz 1826ms (cache miss)
558 http fetch GET 200 https://registry.npmjs.org/encodeurl/-/encodeurl-2.0.0.tgz 1833ms (cache miss)
559 http fetch GET 200 https://registry.npmjs.org/call-bind-apply-helpers/-/call-bind-apply-helpers-1.0.2.tgz 1981ms (cache miss)
560 http fetch GET 200 https://registry.npmjs.org/type-is/-/type-is-2.1.0.tgz 1896ms (cache miss)
561 http fetch GET 200 https://registry.npmjs.org/serve-static/-/serve-static-2.2.1.tgz 1895ms (cache miss)
562 http fetch GET 200 https://registry.npmjs.org/escape-html/-/escape-html-1.0.3.tgz 1853ms (cache miss)
563 http fetch GET 200 https://registry.npmjs.org/content-disposition/-/content-disposition-1.1.0.tgz 1831ms (cache miss)
564 http fetch GET 200 https://registry.npmjs.org/call-bound/-/call-bound-1.0.4.tgz 1986ms (cache miss)
565 http fetch GET 200 https://registry.npmjs.org/proxy-addr/-/proxy-addr-2.0.7.tgz 1891ms (cache miss)
566 http fetch GET 200 https://registry.npmjs.org/router/-/router-2.2.0.tgz 1901ms (cache miss)
567 http fetch GET 200 https://registry.npmjs.org/fresh/-/fresh-2.0.0.tgz 1874ms (cache miss)
568 http fetch GET 200 https://registry.npmjs.org/debug/-/debug-4.4.3.tgz 1860ms (cache miss)
569 http fetch GET 200 https://registry.npmjs.org/function-bind/-/function-bind-1.1.2.tgz 2013ms (cache miss)
570 http fetch GET 200 https://registry.npmjs.org/parseurl/-/parseurl-1.3.3.tgz 1902ms (cache miss)
571 http fetch GET 200 https://registry.npmjs.org/body-parser/-/body-parser-2.3.0.tgz 1861ms (cache miss)
572 http fetch GET 200 https://registry.npmjs.org/mime-db/-/mime-db-1.54.0.tgz 1966ms (cache miss)
573 http fetch GET 200 https://registry.npmjs.org/http-errors/-/http-errors-2.0.1.tgz 1898ms (cache miss)
574 http fetch GET 200 https://registry.npmjs.org/etag/-/etag-1.8.1.tgz 1891ms (cache miss)
575 http fetch GET 200 https://registry.npmjs.org/mime-types/-/mime-types-3.0.2.tgz 1911ms (cache miss)
576 http fetch GET 200 https://registry.npmjs.org/accepts/-/accepts-2.0.0.tgz 1869ms (cache miss)
577 http fetch GET 200 https://registry.npmjs.org/depd/-/depd-2.0.0.tgz 1898ms (cache miss)
578 http fetch GET 200 https://registry.npmjs.org/content-type/-/content-type-1.0.5.tgz 1887ms (cache miss)
579 http fetch GET 200 https://registry.npmjs.org/cookie/-/cookie-0.7.2.tgz 1893ms (cache miss)
580 http fetch GET 200 https://registry.npmjs.org/get-intrinsic/-/get-intrinsic-1.3.0.tgz 2042ms (cache miss)
581 http fetch GET 200 https://registry.npmjs.org/content-type/-/content-type-2.0.0.tgz 1883ms (cache miss)
582 http fetch GET 200 https://registry.npmjs.org/math-intrinsics/-/math-intrinsics-1.1.0.tgz 2084ms (cache miss)
583 http fetch GET 200 https://registry.npmjs.org/content-type/-/content-type-2.0.0.tgz 1900ms (cache miss)
584 http fetch GET 200 https://registry.npmjs.org/express/-/express-5.2.1.tgz 1912ms (cache miss)
585 http fetch GET 200 https://registry.npmjs.org/qs/-/qs-6.15.3.tgz 2008ms (cache miss)
586 http fetch GET 200 https://registry.npmjs.org/object-inspect/-/object-inspect-1.13.4.tgz 2103ms (cache miss)
587 http fetch GET 200 https://registry.npmjs.org/iconv-lite/-/iconv-lite-0.7.3.tgz 2086ms (cache miss)
588 silly ADD node_modules/media-typer
589 silly ADD node_modules/dunder-proto
590 silly ADD node_modules/math-intrinsics
591 silly ADD node_modules/hasown
592 silly ADD node_modules/has-symbols
593 silly ADD node_modules/gopd
594 silly ADD node_modules/get-proto
595 silly ADD node_modules/es-object-atoms
596 silly ADD node_modules/function-bind
597 silly ADD node_modules/call-bind-apply-helpers
598 silly ADD node_modules/get-intrinsic
599 silly ADD node_modules/call-bound
600 silly ADD node_modules/side-channel-weakmap
601 silly ADD node_modules/side-channel-map
602 silly ADD node_modules/side-channel-list
603 silly ADD node_modules/object-inspect
604 silly ADD node_modules/es-errors
605 silly ADD node_modules/path-to-regexp
606 silly ADD node_modules/is-promise
607 silly ADD node_modules/unpipe
608 silly ADD node_modules/side-channel
609 silly ADD node_modules/es-define-property
610 silly ADD node_modules/ipaddr.js
611 silly ADD node_modules/forwarded
612 silly ADD node_modules/wrappy
613 silly ADD node_modules/ee-first
614 silly ADD node_modules/mime-db
615 silly ADD node_modules/safer-buffer
616 silly ADD node_modules/toidentifier
617 silly ADD node_modules/setprototypeof
618 silly ADD node_modules/inherits
619 silly ADD node_modules/ms
620 silly ADD node_modules/raw-body
621 silly ADD node_modules/iconv-lite
622 silly ADD node_modules/bytes
623 silly ADD node_modules/negotiator
624 silly ADD node_modules/vary
625 silly ADD node_modules/type-is
626 silly ADD node_modules/type-is/node_modules/content-type
627 silly ADD node_modules/statuses
628 silly ADD node_modules/serve-static
629 silly ADD node_modules/send
630 silly ADD node_modules/router
631 silly ADD node_modules/range-parser
632 silly ADD node_modules/qs
633 silly ADD node_modules/proxy-addr
634 silly ADD node_modules/parseurl
635 silly ADD node_modules/once
636 silly ADD node_modules/on-finished
637 silly ADD node_modules/mime-types
638 silly ADD node_modules/merge-descriptors
639 silly ADD node_modules/http-errors
640 silly ADD node_modules/fresh
641 silly ADD node_modules/finalhandler
642 silly ADD node_modules/etag
643 silly ADD node_modules/escape-html
644 silly ADD node_modules/encodeurl
645 silly ADD node_modules/depd
646 silly ADD node_modules/debug
647 silly ADD node_modules/cookie-signature
648 silly ADD node_modules/cookie
649 silly ADD node_modules/content-type
650 silly ADD node_modules/content-disposition
651 silly ADD node_modules/body-parser
652 silly ADD node_modules/body-parser/node_modules/content-type
653 silly ADD node_modules/accepts
654 silly ADD node_modules/express
655 verbose cwd /data/data/com.termux/files/home/usdt-app
656 verbose os Linux 5.15.178-android13-8-00007-g362d545d31a5-ab14608873
657 verbose node v26.3.1
658 verbose npm  v11.17.0
659 verbose exit 0
660 info ok
