0 verbose cli /data/data/com.termux/files/usr/bin/node /data/data/com.termux/files/usr/bin/npm
1 info using npm@11.17.0
2 info using node@v26.3.1
3 silly config load:file:/data/data/com.termux/files/usr/lib/node_modules/npm/npmrc
4 silly config load:file:/data/data/com.termux/files/home/.npmrc
5 silly config load:file:/data/data/com.termux/files/usr/etc/npmrc
6 verbose title npm install express
7 verbose argv "install" "express"
8 verbose logfile logs-max:10 dir:/data/data/com.termux/files/home/.npm/_logs/2026-07-10T16_43_30_430Z-
9 verbose logfile /data/data/com.termux/files/home/.npm/_logs/2026-07-10T16_43_30_430Z-debug-0.log
10 silly logfile done cleaning log files
11 silly allow-scripts no package.json at prefix Could not read package.json: Error: ENOENT: no such file or directory, open '/data/data/com.termux/files/home/package.json'
12 silly packumentCache heap:1084227584 maxSize:271056896 maxEntrySize:135528448
13 silly idealTree buildDeps
14 silly fetch manifest express@*
15 silly packumentCache full:https://registry.npmjs.org/express cache-miss
16 http fetch GET 200 https://registry.npmjs.org/express 5179ms (cache revalidated)
17 silly packumentCache full:https://registry.npmjs.org/express set size:804933 disposed:false
18 silly placeDep ROOT express@5.2.1 OK for:  want: *
19 silly fetch manifest qs@^6.14.0
20 silly packumentCache full:https://registry.npmjs.org/qs cache-miss
21 silly fetch manifest depd@^2.0.0
22 silly packumentCache full:https://registry.npmjs.org/depd cache-miss
23 silly fetch manifest etag@^1.8.1
24 silly packumentCache full:https://registry.npmjs.org/etag cache-miss
25 silly fetch manifest once@^1.4.0
26 silly packumentCache full:https://registry.npmjs.org/once cache-miss
27 silly fetch manifest send@^1.1.0
28 silly packumentCache full:https://registry.npmjs.org/send cache-miss
29 silly fetch manifest vary@^1.1.2
30 silly packumentCache full:https://registry.npmjs.org/vary cache-miss
31 silly fetch manifest debug@^4.4.0
32 silly packumentCache full:https://registry.npmjs.org/debug cache-miss
33 http fetch GET 200 https://registry.npmjs.org/qs 337ms (cache revalidated)
34 silly packumentCache full:https://registry.npmjs.org/qs set size:360318 disposed:false
35 silly fetch manifest fresh@^2.0.0
36 silly packumentCache full:https://registry.npmjs.org/fresh cache-miss
37 http fetch GET 200 https://registry.npmjs.org/vary 389ms (cache revalidated)
38 silly packumentCache full:https://registry.npmjs.org/vary set size:15994 disposed:false
39 silly fetch manifest cookie@^0.7.1
40 silly packumentCache full:https://registry.npmjs.org/cookie cache-miss
41 http fetch GET 200 https://registry.npmjs.org/send 405ms (cache revalidated)
42 silly packumentCache full:https://registry.npmjs.org/send set size:152810 disposed:false
43 silly fetch manifest router@^2.2.0
44 silly packumentCache full:https://registry.npmjs.org/router cache-miss
45 http fetch GET 200 https://registry.npmjs.org/debug 418ms (cache revalidated)
46 silly packumentCache full:https://registry.npmjs.org/debug set size:195840 disposed:false
47 silly fetch manifest accepts@^2.0.0
48 silly packumentCache full:https://registry.npmjs.org/accepts cache-miss
49 http fetch GET 200 https://registry.npmjs.org/once 450ms (cache revalidated)
50 silly packumentCache full:https://registry.npmjs.org/once set size:11752 disposed:false
51 silly fetch manifest type-is@^2.0.1
52 silly packumentCache full:https://registry.npmjs.org/type-is cache-miss
53 http fetch GET 200 https://registry.npmjs.org/etag 505ms (cache revalidated)
54 silly packumentCache full:https://registry.npmjs.org/etag set size:30032 disposed:false
55 silly fetch manifest parseurl@^1.3.3
56 silly packumentCache full:https://registry.npmjs.org/parseurl cache-miss
57 http fetch GET 200 https://registry.npmjs.org/cookie 180ms (cache revalidated)
58 silly packumentCache full:https://registry.npmjs.org/cookie set size:78274 disposed:false
59 silly fetch manifest statuses@^2.0.1
60 silly packumentCache full:https://registry.npmjs.org/statuses cache-miss
61 http fetch GET 200 https://registry.npmjs.org/accepts 185ms (cache revalidated)
62 silly packumentCache full:https://registry.npmjs.org/accepts set size:77054 disposed:false
63 silly fetch manifest encodeurl@^2.0.0
64 silly packumentCache full:https://registry.npmjs.org/encodeurl cache-miss
65 http fetch GET 200 https://registry.npmjs.org/parseurl 145ms (cache revalidated)
66 silly packumentCache full:https://registry.npmjs.org/parseurl set size:24148 disposed:false
67 silly fetch manifest mime-types@^3.0.0
68 silly packumentCache full:https://registry.npmjs.org/mime-types cache-miss
69 http fetch GET 200 https://registry.npmjs.org/depd 673ms (cache revalidated)
70 silly packumentCache full:https://registry.npmjs.org/depd set size:40182 disposed:false
71 silly fetch manifest proxy-addr@^2.0.7
72 silly packumentCache full:https://registry.npmjs.org/proxy-addr cache-miss
73 http fetch GET 200 https://registry.npmjs.org/fresh 425ms (cache revalidated)
74 silly packumentCache full:https://registry.npmjs.org/fresh set size:25427 disposed:false
75 silly fetch manifest body-parser@^2.2.1
76 silly packumentCache full:https://registry.npmjs.org/body-parser cache-miss
77 http fetch GET 200 https://registry.npmjs.org/proxy-addr 130ms (cache revalidated)
78 silly packumentCache full:https://registry.npmjs.org/proxy-addr set size:61619 disposed:false
79 silly fetch manifest escape-html@^1.0.3
80 silly packumentCache full:https://registry.npmjs.org/escape-html cache-miss
81 http fetch GET 200 https://registry.npmjs.org/router 438ms (cache revalidated)
82 silly packumentCache full:https://registry.npmjs.org/router set size:116499 disposed:false
83 silly fetch manifest http-errors@^2.0.0
84 silly packumentCache full:https://registry.npmjs.org/http-errors cache-miss
85 http fetch GET 200 https://registry.npmjs.org/body-parser 119ms (cache revalidated)
86 silly packumentCache full:https://registry.npmjs.org/body-parser set size:204544 disposed:false
87 silly fetch manifest on-finished@^2.4.1
88 silly packumentCache full:https://registry.npmjs.org/on-finished cache-miss
89 http fetch GET 200 https://registry.npmjs.org/escape-html 185ms (cache revalidated)
90 silly packumentCache full:https://registry.npmjs.org/escape-html set size:7345 disposed:false
91 silly fetch manifest content-type@^1.0.5
92 silly packumentCache full:https://registry.npmjs.org/content-type cache-miss
93 http fetch GET 200 https://registry.npmjs.org/type-is 552ms (cache revalidated)
94 silly packumentCache full:https://registry.npmjs.org/type-is set size:88614 disposed:false
95 silly fetch manifest finalhandler@^2.1.0
96 silly packumentCache full:https://registry.npmjs.org/finalhandler cache-miss
97 http fetch GET 200 https://registry.npmjs.org/http-errors 179ms (cache revalidated)
98 silly packumentCache full:https://registry.npmjs.org/http-errors set size:71987 disposed:false
99 silly fetch manifest range-parser@^1.2.1
100 silly packumentCache full:https://registry.npmjs.org/range-parser cache-miss
101 http fetch GET 200 https://registry.npmjs.org/mime-types 404ms (cache revalidated)
102 silly packumentCache full:https://registry.npmjs.org/mime-types set size:139110 disposed:false
103 silly fetch manifest serve-static@^2.2.0
104 silly packumentCache full:https://registry.npmjs.org/serve-static cache-miss
105 http fetch GET 200 https://registry.npmjs.org/encodeurl 438ms (cache revalidated)
106 silly packumentCache full:https://registry.npmjs.org/encodeurl set size:12296 disposed:false
107 silly fetch manifest cookie-signature@^1.2.1
108 silly packumentCache full:https://registry.npmjs.org/cookie-signature cache-miss
109 http fetch GET 200 https://registry.npmjs.org/on-finished 207ms (cache revalidated)
110 silly packumentCache full:https://registry.npmjs.org/on-finished set size:23212 disposed:false
111 silly fetch manifest merge-descriptors@^2.0.0
112 silly packumentCache full:https://registry.npmjs.org/merge-descriptors cache-miss
113 http fetch GET 200 https://registry.npmjs.org/statuses 553ms (cache revalidated)
114 silly packumentCache full:https://registry.npmjs.org/statuses set size:37117 disposed:false
115 silly fetch manifest content-disposition@^1.0.0
116 silly packumentCache full:https://registry.npmjs.org/content-disposition cache-miss
117 http fetch GET 200 https://registry.npmjs.org/content-type 192ms (cache revalidated)
118 silly packumentCache full:https://registry.npmjs.org/content-type set size:18994 disposed:false
119 http fetch GET 200 https://registry.npmjs.org/finalhandler 185ms (cache revalidated)
120 silly packumentCache full:https://registry.npmjs.org/finalhandler set size:79291 disposed:false
121 http fetch GET 200 https://registry.npmjs.org/cookie-signature 130ms (cache revalidated)
122 silly packumentCache full:https://registry.npmjs.org/cookie-signature set size:21777 disposed:false
123 http fetch GET 200 https://registry.npmjs.org/merge-descriptors 155ms (cache revalidated)
124 silly packumentCache full:https://registry.npmjs.org/merge-descriptors set size:16527 disposed:false
125 http fetch GET 200 https://registry.npmjs.org/range-parser 405ms (cache revalidated)
126 silly packumentCache full:https://registry.npmjs.org/range-parser set size:24852 disposed:false
127 http fetch GET 200 https://registry.npmjs.org/serve-static 398ms (cache revalidated)
128 silly packumentCache full:https://registry.npmjs.org/serve-static set size:150391 disposed:false
129 http fetch GET 200 https://registry.npmjs.org/content-disposition 383ms (cache revalidated)
130 silly packumentCache full:https://registry.npmjs.org/content-disposition set size:42862 disposed:false
131 silly placeDep ROOT accepts@2.0.0 OK for: express@5.2.1 want: ^2.0.0
132 silly placeDep ROOT body-parser@2.3.0 OK for: express@5.2.1 want: ^2.2.1
133 silly placeDep ROOT content-disposition@1.1.0 OK for: express@5.2.1 want: ^1.0.0
134 silly placeDep ROOT content-type@1.0.5 OK for: express@5.2.1 want: ^1.0.5
135 silly placeDep ROOT cookie@0.7.2 OK for: express@5.2.1 want: ^0.7.1
136 silly placeDep ROOT cookie-signature@1.2.2 OK for: express@5.2.1 want: ^1.2.1
137 silly placeDep ROOT debug@4.4.3 OK for: express@5.2.1 want: ^4.4.0
138 silly placeDep ROOT depd@2.0.0 OK for: express@5.2.1 want: ^2.0.0
139 silly placeDep ROOT encodeurl@2.0.0 OK for: express@5.2.1 want: ^2.0.0
140 silly placeDep ROOT escape-html@1.0.3 OK for: express@5.2.1 want: ^1.0.3
141 silly placeDep ROOT etag@1.8.1 OK for: express@5.2.1 want: ^1.8.1
142 silly placeDep ROOT finalhandler@2.1.1 OK for: express@5.2.1 want: ^2.1.0
143 silly placeDep ROOT fresh@2.0.0 OK for: express@5.2.1 want: ^2.0.0
144 silly placeDep ROOT http-errors@2.0.1 OK for: express@5.2.1 want: ^2.0.0
145 silly placeDep ROOT merge-descriptors@2.0.0 OK for: express@5.2.1 want: ^2.0.0
146 silly placeDep ROOT mime-types@3.0.2 OK for: express@5.2.1 want: ^3.0.0
147 silly placeDep ROOT on-finished@2.4.1 OK for: express@5.2.1 want: ^2.4.1
148 silly placeDep ROOT once@1.4.0 OK for: express@5.2.1 want: ^1.4.0
149 silly placeDep ROOT parseurl@1.3.3 OK for: express@5.2.1 want: ^1.3.3
150 silly placeDep ROOT proxy-addr@2.0.7 OK for: express@5.2.1 want: ^2.0.7
151 silly placeDep ROOT qs@6.15.3 OK for: express@5.2.1 want: ^6.14.0
152 silly placeDep ROOT range-parser@1.3.0 OK for: express@5.2.1 want: ^1.2.1
153 silly placeDep ROOT router@2.2.0 OK for: express@5.2.1 want: ^2.2.0
154 silly placeDep ROOT send@1.2.1 OK for: express@5.2.1 want: ^1.1.0
155 silly placeDep ROOT serve-static@2.2.1 OK for: express@5.2.1 want: ^2.2.0
156 silly placeDep ROOT statuses@2.0.2 OK for: express@5.2.1 want: ^2.0.1
157 silly placeDep ROOT type-is@2.1.0 OK for: express@5.2.1 want: ^2.0.1
158 silly placeDep ROOT vary@1.1.2 OK for: express@5.2.1 want: ^1.1.2
159 silly fetch manifest negotiator@^1.0.0
160 silly packumentCache full:https://registry.npmjs.org/negotiator cache-miss
161 silly fetch manifest qs@^6.15.2
162 silly packumentCache full:https://registry.npmjs.org/qs cache-hit
163 silly fetch manifest bytes@^3.1.2
164 silly packumentCache full:https://registry.npmjs.org/bytes cache-miss
165 silly fetch manifest debug@^4.4.3
166 silly packumentCache full:https://registry.npmjs.org/debug cache-hit
167 silly fetch manifest type-is@^2.1.0
168 silly packumentCache full:https://registry.npmjs.org/type-is cache-hit
169 silly fetch manifest raw-body@^3.0.2
170 silly packumentCache full:https://registry.npmjs.org/raw-body cache-miss
171 silly fetch manifest iconv-lite@^0.7.2
172 silly packumentCache full:https://registry.npmjs.org/iconv-lite cache-miss
173 silly fetch manifest http-errors@^2.0.1
174 silly packumentCache full:https://registry.npmjs.org/http-errors cache-hit
175 silly fetch manifest content-type@^2.0.0
176 silly packumentCache full:https://registry.npmjs.org/content-type cache-hit
177 silly fetch manifest ms@^2.1.3
178 silly packumentCache full:https://registry.npmjs.org/ms cache-miss
179 silly fetch manifest inherits@~2.0.4
180 silly packumentCache full:https://registry.npmjs.org/inherits cache-miss
181 silly fetch manifest setprototypeof@~1.2.0
182 silly packumentCache full:https://registry.npmjs.org/setprototypeof cache-miss
183 http fetch GET 200 https://registry.npmjs.org/negotiator 176ms (cache revalidated)
184 silly packumentCache full:https://registry.npmjs.org/negotiator set size:48046 disposed:false
185 silly fetch manifest statuses@~2.0.2
186 silly packumentCache full:https://registry.npmjs.org/statuses cache-hit
187 silly fetch manifest toidentifier@~1.0.1
188 silly packumentCache full:https://registry.npmjs.org/toidentifier cache-miss
189 http fetch GET 200 https://registry.npmjs.org/iconv-lite 174ms (cache revalidated)
190 silly packumentCache full:https://registry.npmjs.org/iconv-lite set size:126478 disposed:false
191 silly fetch manifest mime-db@^1.54.0
192 silly packumentCache full:https://registry.npmjs.org/mime-db cache-miss
193 http fetch GET 200 https://registry.npmjs.org/inherits 194ms (cache revalidated)
194 silly packumentCache full:https://registry.npmjs.org/inherits set size:12925 disposed:false
195 silly fetch manifest ee-first@1.1.1
196 silly packumentCache full:https://registry.npmjs.org/ee-first cache-miss
197 http fetch GET 200 https://registry.npmjs.org/raw-body 224ms (cache revalidated)
198 silly packumentCache full:https://registry.npmjs.org/raw-body set size:117822 disposed:false
199 silly fetch manifest wrappy@1
200 silly packumentCache full:https://registry.npmjs.org/wrappy cache-miss
201 http fetch GET 200 https://registry.npmjs.org/setprototypeof 246ms (cache revalidated)
202 silly packumentCache full:https://registry.npmjs.org/setprototypeof set size:14532 disposed:false
203 silly fetch manifest forwarded@0.2.0
204 silly packumentCache full:https://registry.npmjs.org/forwarded cache-miss
205 http fetch GET 200 https://registry.npmjs.org/ms 278ms (cache revalidated)
206 silly packumentCache full:https://registry.npmjs.org/ms set size:92208 disposed:false
207 silly fetch manifest ipaddr.js@1.9.1
208 silly packumentCache full:https://registry.npmjs.org/ipaddr.js cache-miss
209 http fetch GET 200 https://registry.npmjs.org/wrappy 129ms (cache revalidated)
210 silly packumentCache full:https://registry.npmjs.org/wrappy set size:7682 disposed:false
211 silly fetch manifest side-channel@^1.1.1
212 silly packumentCache full:https://registry.npmjs.org/side-channel cache-miss
213 http fetch GET 200 https://registry.npmjs.org/mime-db 177ms (cache revalidated)
214 silly packumentCache full:https://registry.npmjs.org/mime-db set size:164953 disposed:false
215 silly fetch manifest es-define-property@^1.0.1
216 silly packumentCache full:https://registry.npmjs.org/es-define-property cache-miss
217 http fetch GET 200 https://registry.npmjs.org/ee-first 168ms (cache revalidated)
218 silly packumentCache full:https://registry.npmjs.org/ee-first set size:15327 disposed:false
219 silly fetch manifest is-promise@^4.0.0
220 silly packumentCache full:https://registry.npmjs.org/is-promise cache-miss
221 http fetch GET 200 https://registry.npmjs.org/forwarded 128ms (cache revalidated)
222 silly packumentCache full:https://registry.npmjs.org/forwarded set size:11229 disposed:false
223 silly fetch manifest path-to-regexp@^8.0.0
224 silly packumentCache full:https://registry.npmjs.org/path-to-regexp cache-miss
225 http fetch GET 200 https://registry.npmjs.org/bytes 447ms (cache revalidated)
226 silly packumentCache full:https://registry.npmjs.org/bytes set size:37018 disposed:false
227 silly fetch manifest statuses@^2.0.2
228 silly packumentCache full:https://registry.npmjs.org/statuses cache-hit
229 silly fetch manifest media-typer@^1.1.0
230 silly packumentCache full:https://registry.npmjs.org/media-typer cache-miss
231 http fetch GET 200 https://registry.npmjs.org/ipaddr.js 153ms (cache revalidated)
232 silly packumentCache full:https://registry.npmjs.org/ipaddr.js set size:69549 disposed:false
233 http fetch GET 200 https://registry.npmjs.org/side-channel 190ms (cache revalidated)
234 silly packumentCache full:https://registry.npmjs.org/side-channel set size:27650 disposed:false
235 http fetch GET 200 https://registry.npmjs.org/media-typer 142ms (cache revalidated)
236 silly packumentCache full:https://registry.npmjs.org/media-typer set size:22678 disposed:false
237 http fetch GET 200 https://registry.npmjs.org/path-to-regexp 193ms (cache revalidated)
238 silly packumentCache full:https://registry.npmjs.org/path-to-regexp set size:216334 disposed:false
239 http fetch GET 200 https://registry.npmjs.org/toidentifier 447ms (cache revalidated)
240 silly packumentCache full:https://registry.npmjs.org/toidentifier set size:12006 disposed:false
241 http fetch GET 200 https://registry.npmjs.org/es-define-property 253ms (cache revalidated)
242 silly packumentCache full:https://registry.npmjs.org/es-define-property set size:8542 disposed:false
243 http fetch GET 200 https://registry.npmjs.org/is-promise 365ms (cache revalidated)
244 silly packumentCache full:https://registry.npmjs.org/is-promise set size:18599 disposed:false
245 silly placeDep ROOT negotiator@1.0.0 OK for: accepts@2.0.0 want: ^1.0.0
246 silly placeDep ROOT bytes@3.1.2 OK for: body-parser@2.3.0 want: ^3.1.2
247 silly placeDep node_modules/body-parser content-type@2.0.0 OK for: body-parser@2.3.0 want: ^2.0.0
248 silly placeDep ROOT iconv-lite@0.7.3 OK for: body-parser@2.3.0 want: ^0.7.2
249 silly placeDep ROOT raw-body@3.0.2 OK for: body-parser@2.3.0 want: ^3.0.2
250 silly fetch manifest safer-buffer@>= 2.1.2 < 3.0.0
251 silly packumentCache full:https://registry.npmjs.org/safer-buffer cache-miss
252 silly fetch manifest unpipe@~1.0.0
253 silly packumentCache full:https://registry.npmjs.org/unpipe cache-miss
254 http fetch GET 200 https://registry.npmjs.org/unpipe 114ms (cache revalidated)
255 silly packumentCache full:https://registry.npmjs.org/unpipe set size:3609 disposed:false
256 http fetch GET 200 https://registry.npmjs.org/safer-buffer 154ms (cache revalidated)
257 silly packumentCache full:https://registry.npmjs.org/safer-buffer set size:18521 disposed:false
258 silly placeDep ROOT ms@2.1.3 OK for: debug@4.4.3 want: ^2.1.3
259 silly placeDep ROOT inherits@2.0.4 OK for: http-errors@2.0.1 want: ~2.0.4
260 silly placeDep ROOT setprototypeof@1.2.0 OK for: http-errors@2.0.1 want: ~1.2.0
261 silly placeDep ROOT toidentifier@1.0.1 OK for: http-errors@2.0.1 want: ~1.0.1
262 silly placeDep ROOT safer-buffer@2.1.2 OK for: iconv-lite@0.7.3 want: >= 2.1.2 < 3.0.0
263 silly placeDep ROOT mime-db@1.54.0 OK for: mime-types@3.0.2 want: ^1.54.0
264 silly placeDep ROOT ee-first@1.1.1 OK for: on-finished@2.4.1 want: 1.1.1
265 silly placeDep ROOT wrappy@1.0.2 OK for: once@1.4.0 want: 1
266 silly placeDep ROOT forwarded@0.2.0 OK for: proxy-addr@2.0.7 want: 0.2.0
267 silly placeDep ROOT ipaddr.js@1.9.1 OK for: proxy-addr@2.0.7 want: 1.9.1
268 silly placeDep ROOT es-define-property@1.0.1 OK for: qs@6.15.3 want: ^1.0.1
269 silly placeDep ROOT side-channel@1.1.1 OK for: qs@6.15.3 want: ^1.1.1
270 silly fetch manifest es-errors@^1.3.0
271 silly packumentCache full:https://registry.npmjs.org/es-errors cache-miss
272 silly fetch manifest object-inspect@^1.13.4
273 silly packumentCache full:https://registry.npmjs.org/object-inspect cache-miss
274 silly fetch manifest side-channel-list@^1.0.1
275 silly packumentCache full:https://registry.npmjs.org/side-channel-list cache-miss
276 silly fetch manifest side-channel-map@^1.0.1
277 silly packumentCache full:https://registry.npmjs.org/side-channel-map cache-miss
278 silly fetch manifest side-channel-weakmap@^1.0.2
279 silly packumentCache full:https://registry.npmjs.org/side-channel-weakmap cache-miss
280 http fetch GET 200 https://registry.npmjs.org/side-channel-weakmap 172ms (cache revalidated)
281 silly packumentCache full:https://registry.npmjs.org/side-channel-weakmap set size:12620 disposed:false
282 http fetch GET 200 https://registry.npmjs.org/es-errors 184ms (cache revalidated)
283 silly packumentCache full:https://registry.npmjs.org/es-errors set size:16918 disposed:false
284 http fetch GET 200 https://registry.npmjs.org/object-inspect 189ms (cache revalidated)
285 silly packumentCache full:https://registry.npmjs.org/object-inspect set size:101912 disposed:false
286 http fetch GET 200 https://registry.npmjs.org/side-channel-list 201ms (cache revalidated)
287 silly packumentCache full:https://registry.npmjs.org/side-channel-list set size:9021 disposed:false
288 http fetch GET 200 https://registry.npmjs.org/side-channel-map 358ms (cache revalidated)
289 silly packumentCache full:https://registry.npmjs.org/side-channel-map set size:9126 disposed:false
290 silly placeDep ROOT unpipe@1.0.0 OK for: raw-body@3.0.2 want: ~1.0.0
291 silly placeDep ROOT is-promise@4.0.0 OK for: router@2.2.0 want: ^4.0.0
292 silly placeDep ROOT path-to-regexp@8.4.2 OK for: router@2.2.0 want: ^8.0.0
293 silly placeDep ROOT es-errors@1.3.0 OK for: side-channel@1.1.1 want: ^1.3.0
294 silly placeDep ROOT object-inspect@1.13.4 OK for: side-channel@1.1.1 want: ^1.13.4
295 silly placeDep ROOT side-channel-list@1.0.1 OK for: side-channel@1.1.1 want: ^1.0.1
296 silly placeDep ROOT side-channel-map@1.0.1 OK for: side-channel@1.1.1 want: ^1.0.1
297 silly placeDep ROOT side-channel-weakmap@1.0.2 OK for: side-channel@1.1.1 want: ^1.0.2
298 silly fetch manifest call-bound@^1.0.2
299 silly packumentCache full:https://registry.npmjs.org/call-bound cache-miss
300 silly fetch manifest get-intrinsic@^1.2.5
301 silly packumentCache full:https://registry.npmjs.org/get-intrinsic cache-miss
302 silly fetch manifest call-bound@^1.0.2
303 silly packumentCache full:https://registry.npmjs.org/call-bound cache-miss
304 silly fetch manifest get-intrinsic@^1.2.5
305 silly packumentCache full:https://registry.npmjs.org/get-intrinsic cache-miss
306 http fetch GET 200 https://registry.npmjs.org/call-bound 148ms (cache revalidated)
307 silly packumentCache full:https://registry.npmjs.org/call-bound set size:15317 disposed:false
308 http fetch GET 200 https://registry.npmjs.org/call-bound 184ms (cache revalidated)
309 silly packumentCache full:https://registry.npmjs.org/call-bound set size:15317 disposed:false
310 silly packumentCache full:https://registry.npmjs.org/call-bound dispose
311 http fetch GET 200 https://registry.npmjs.org/get-intrinsic 389ms (cache revalidated)
312 silly packumentCache full:https://registry.npmjs.org/get-intrinsic set size:60985 disposed:false
313 http fetch GET 200 https://registry.npmjs.org/get-intrinsic 395ms (cache revalidated)
314 silly packumentCache full:https://registry.npmjs.org/get-intrinsic set size:60985 disposed:false
315 silly packumentCache full:https://registry.npmjs.org/get-intrinsic dispose
316 silly placeDep ROOT call-bound@1.0.4 OK for: side-channel-map@1.0.1 want: ^1.0.2
317 silly placeDep ROOT get-intrinsic@1.3.0 OK for: side-channel-map@1.0.1 want: ^1.2.5
318 silly fetch manifest call-bind-apply-helpers@^1.0.2
319 silly packumentCache full:https://registry.npmjs.org/call-bind-apply-helpers cache-miss
320 silly fetch manifest get-intrinsic@^1.3.0
321 silly packumentCache full:https://registry.npmjs.org/get-intrinsic cache-hit
322 silly fetch manifest gopd@^1.2.0
323 silly packumentCache full:https://registry.npmjs.org/gopd cache-miss
324 silly fetch manifest hasown@^2.0.2
325 silly packumentCache full:https://registry.npmjs.org/hasown cache-miss
326 silly fetch manifest get-proto@^1.0.1
327 silly packumentCache full:https://registry.npmjs.org/get-proto cache-miss
328 silly fetch manifest has-symbols@^1.1.0
329 silly packumentCache full:https://registry.npmjs.org/has-symbols cache-miss
330 silly fetch manifest function-bind@^1.1.2
331 silly packumentCache full:https://registry.npmjs.org/function-bind cache-miss
332 silly fetch manifest es-object-atoms@^1.1.1
333 silly packumentCache full:https://registry.npmjs.org/es-object-atoms cache-miss
334 http fetch GET 200 https://registry.npmjs.org/gopd 164ms (cache revalidated)
335 silly packumentCache full:https://registry.npmjs.org/gopd set size:11458 disposed:false
336 silly fetch manifest math-intrinsics@^1.1.0
337 silly packumentCache full:https://registry.npmjs.org/math-intrinsics cache-miss
338 http fetch GET 200 https://registry.npmjs.org/has-symbols 166ms (cache revalidated)
339 silly packumentCache full:https://registry.npmjs.org/has-symbols set size:21550 disposed:false
340 silly fetch manifest call-bind-apply-helpers@^1.0.2
341 silly packumentCache full:https://registry.npmjs.org/call-bind-apply-helpers cache-miss
342 http fetch GET 200 https://registry.npmjs.org/get-proto 205ms (cache revalidated)
343 silly packumentCache full:https://registry.npmjs.org/get-proto set size:8300 disposed:false
344 http fetch GET 200 https://registry.npmjs.org/math-intrinsics 151ms (cache revalidated)
345 silly packumentCache full:https://registry.npmjs.org/math-intrinsics set size:9265 disposed:false
346 http fetch GET 200 https://registry.npmjs.org/call-bind-apply-helpers 366ms (cache revalidated)
347 silly packumentCache full:https://registry.npmjs.org/call-bind-apply-helpers set size:12744 disposed:false
348 http fetch GET 200 https://registry.npmjs.org/function-bind 379ms (cache revalidated)
349 silly packumentCache full:https://registry.npmjs.org/function-bind set size:15733 disposed:false
350 http fetch GET 200 https://registry.npmjs.org/es-object-atoms 385ms (cache revalidated)
351 silly packumentCache full:https://registry.npmjs.org/es-object-atoms set size:18278 disposed:false
352 http fetch GET 200 https://registry.npmjs.org/call-bind-apply-helpers 227ms (cache revalidated)
353 silly packumentCache full:https://registry.npmjs.org/call-bind-apply-helpers set size:12744 disposed:false
354 silly packumentCache full:https://registry.npmjs.org/call-bind-apply-helpers dispose
355 http fetch GET 200 https://registry.npmjs.org/hasown 410ms (cache revalidated)
356 silly packumentCache full:https://registry.npmjs.org/hasown set size:18361 disposed:false
357 silly placeDep ROOT call-bind-apply-helpers@1.0.2 OK for: call-bound@1.0.4 want: ^1.0.2
358 silly placeDep ROOT function-bind@1.1.2 OK for: call-bind-apply-helpers@1.0.2 want: ^1.1.2
359 silly placeDep ROOT es-object-atoms@1.1.2 OK for: get-intrinsic@1.3.0 want: ^1.1.1
360 silly placeDep ROOT get-proto@1.0.1 OK for: get-intrinsic@1.3.0 want: ^1.0.1
361 silly placeDep ROOT gopd@1.2.0 OK for: get-intrinsic@1.3.0 want: ^1.2.0
362 silly placeDep ROOT has-symbols@1.1.0 OK for: get-intrinsic@1.3.0 want: ^1.1.0
363 silly placeDep ROOT hasown@2.0.4 OK for: get-intrinsic@1.3.0 want: ^2.0.2
364 silly placeDep ROOT math-intrinsics@1.1.0 OK for: get-intrinsic@1.3.0 want: ^1.1.0
365 silly fetch manifest dunder-proto@^1.0.1
366 silly packumentCache full:https://registry.npmjs.org/dunder-proto cache-miss
367 http fetch GET 200 https://registry.npmjs.org/dunder-proto 367ms (cache revalidated)
368 silly packumentCache full:https://registry.npmjs.org/dunder-proto set size:8256 disposed:false
369 silly placeDep ROOT dunder-proto@1.0.1 OK for: get-proto@1.0.1 want: ^1.0.1
370 silly placeDep node_modules/type-is content-type@2.0.0 OK for: type-is@2.1.0 want: ^2.0.0
371 silly placeDep ROOT media-typer@1.1.0 OK for: type-is@2.1.0 want: ^1.1.0
372 silly reify moves {}
373 http cache media-typer@https://registry.npmjs.org/media-typer/-/media-typer-1.1.0.tgz 1ms (cache hit)
374 http cache dunder-proto@https://registry.npmjs.org/dunder-proto/-/dunder-proto-1.0.1.tgz 0ms (cache hit)
375 http cache math-intrinsics@https://registry.npmjs.org/math-intrinsics/-/math-intrinsics-1.1.0.tgz 0ms (cache hit)
376 http cache hasown@https://registry.npmjs.org/hasown/-/hasown-2.0.4.tgz 0ms (cache hit)
377 http cache has-symbols@https://registry.npmjs.org/has-symbols/-/has-symbols-1.1.0.tgz 0ms (cache hit)
378 http cache get-proto@https://registry.npmjs.org/get-proto/-/get-proto-1.0.1.tgz 0ms (cache hit)
379 http cache es-object-atoms@https://registry.npmjs.org/es-object-atoms/-/es-object-atoms-1.1.2.tgz 0ms (cache hit)
380 http cache gopd@https://registry.npmjs.org/gopd/-/gopd-1.2.0.tgz 0ms (cache hit)
381 http cache function-bind@https://registry.npmjs.org/function-bind/-/function-bind-1.1.2.tgz 0ms (cache hit)
382 http cache call-bind-apply-helpers@https://registry.npmjs.org/call-bind-apply-helpers/-/call-bind-apply-helpers-1.0.2.tgz 0ms (cache hit)
383 http cache call-bound@https://registry.npmjs.org/call-bound/-/call-bound-1.0.4.tgz 0ms (cache hit)
384 http cache side-channel-weakmap@https://registry.npmjs.org/side-channel-weakmap/-/side-channel-weakmap-1.0.2.tgz 0ms (cache hit)
385 http cache get-intrinsic@https://registry.npmjs.org/get-intrinsic/-/get-intrinsic-1.3.0.tgz 0ms (cache hit)
386 http cache side-channel-map@https://registry.npmjs.org/side-channel-map/-/side-channel-map-1.0.1.tgz 0ms (cache hit)
387 http cache side-channel-list@https://registry.npmjs.org/side-channel-list/-/side-channel-list-1.0.1.tgz 0ms (cache hit)
388 http cache es-errors@https://registry.npmjs.org/es-errors/-/es-errors-1.3.0.tgz 0ms (cache hit)
389 http cache object-inspect@https://registry.npmjs.org/object-inspect/-/object-inspect-1.13.4.tgz 0ms (cache hit)
390 http cache path-to-regexp@https://registry.npmjs.org/path-to-regexp/-/path-to-regexp-8.4.2.tgz 0ms (cache hit)
391 http cache is-promise@https://registry.npmjs.org/is-promise/-/is-promise-4.0.0.tgz 1ms (cache hit)
392 http cache unpipe@https://registry.npmjs.org/unpipe/-/unpipe-1.0.0.tgz 0ms (cache hit)
393 http cache side-channel@https://registry.npmjs.org/side-channel/-/side-channel-1.1.1.tgz 0ms (cache hit)
394 http cache es-define-property@https://registry.npmjs.org/es-define-property/-/es-define-property-1.0.1.tgz 0ms (cache hit)
395 http cache ipaddr.js@https://registry.npmjs.org/ipaddr.js/-/ipaddr.js-1.9.1.tgz 0ms (cache hit)
396 http cache forwarded@https://registry.npmjs.org/forwarded/-/forwarded-0.2.0.tgz 1ms (cache hit)
397 http cache wrappy@https://registry.npmjs.org/wrappy/-/wrappy-1.0.2.tgz 0ms (cache hit)
398 http cache ee-first@https://registry.npmjs.org/ee-first/-/ee-first-1.1.1.tgz 0ms (cache hit)
399 http cache mime-db@https://registry.npmjs.org/mime-db/-/mime-db-1.54.0.tgz 0ms (cache hit)
400 http cache safer-buffer@https://registry.npmjs.org/safer-buffer/-/safer-buffer-2.1.2.tgz 0ms (cache hit)
401 http cache toidentifier@https://registry.npmjs.org/toidentifier/-/toidentifier-1.0.1.tgz 0ms (cache hit)
402 http cache setprototypeof@https://registry.npmjs.org/setprototypeof/-/setprototypeof-1.2.0.tgz 1ms (cache hit)
403 http cache inherits@https://registry.npmjs.org/inherits/-/inherits-2.0.4.tgz 0ms (cache hit)
404 http cache ms@https://registry.npmjs.org/ms/-/ms-2.1.3.tgz 0ms (cache hit)
405 http cache iconv-lite@https://registry.npmjs.org/iconv-lite/-/iconv-lite-0.7.3.tgz 0ms (cache hit)
406 http cache bytes@https://registry.npmjs.org/bytes/-/bytes-3.1.2.tgz 1ms (cache hit)
407 http cache negotiator@https://registry.npmjs.org/negotiator/-/negotiator-1.0.0.tgz 0ms (cache hit)
408 http cache vary@https://registry.npmjs.org/vary/-/vary-1.1.2.tgz 1ms (cache hit)
409 http cache statuses@https://registry.npmjs.org/statuses/-/statuses-2.0.2.tgz 0ms (cache hit)
410 http cache type-is@https://registry.npmjs.org/type-is/-/type-is-2.1.0.tgz 0ms (cache hit)
411 http cache serve-static@https://registry.npmjs.org/serve-static/-/serve-static-2.2.1.tgz 0ms (cache hit)
412 http cache send@https://registry.npmjs.org/send/-/send-1.2.1.tgz 1ms (cache hit)
413 http cache range-parser@https://registry.npmjs.org/range-parser/-/range-parser-1.3.0.tgz 0ms (cache hit)
414 http cache router@https://registry.npmjs.org/router/-/router-2.2.0.tgz 0ms (cache hit)
415 http cache qs@https://registry.npmjs.org/qs/-/qs-6.15.3.tgz 0ms (cache hit)
416 http cache proxy-addr@https://registry.npmjs.org/proxy-addr/-/proxy-addr-2.0.7.tgz 0ms (cache hit)
417 http cache parseurl@https://registry.npmjs.org/parseurl/-/parseurl-1.3.3.tgz 0ms (cache hit)
418 http cache once@https://registry.npmjs.org/once/-/once-1.4.0.tgz 0ms (cache hit)
419 http cache on-finished@https://registry.npmjs.org/on-finished/-/on-finished-2.4.1.tgz 0ms (cache hit)
420 http cache mime-types@https://registry.npmjs.org/mime-types/-/mime-types-3.0.2.tgz 0ms (cache hit)
421 http cache merge-descriptors@https://registry.npmjs.org/merge-descriptors/-/merge-descriptors-2.0.0.tgz 0ms (cache hit)
422 http cache http-errors@https://registry.npmjs.org/http-errors/-/http-errors-2.0.1.tgz 0ms (cache hit)
423 http cache fresh@https://registry.npmjs.org/fresh/-/fresh-2.0.0.tgz 0ms (cache hit)
424 http cache finalhandler@https://registry.npmjs.org/finalhandler/-/finalhandler-2.1.1.tgz 0ms (cache hit)
425 http cache etag@https://registry.npmjs.org/etag/-/etag-1.8.1.tgz 0ms (cache hit)
426 http cache encodeurl@https://registry.npmjs.org/encodeurl/-/encodeurl-2.0.0.tgz 1ms (cache hit)
427 http cache escape-html@https://registry.npmjs.org/escape-html/-/escape-html-1.0.3.tgz 0ms (cache hit)
428 http cache depd@https://registry.npmjs.org/depd/-/depd-2.0.0.tgz 0ms (cache hit)
429 http cache debug@https://registry.npmjs.org/debug/-/debug-4.4.3.tgz 0ms (cache hit)
430 http cache cookie@https://registry.npmjs.org/cookie/-/cookie-0.7.2.tgz 1ms (cache hit)
431 http cache content-disposition@https://registry.npmjs.org/content-disposition/-/content-disposition-1.1.0.tgz 0ms (cache hit)
432 http cache cookie-signature@https://registry.npmjs.org/cookie-signature/-/cookie-signature-1.2.2.tgz 0ms (cache hit)
433 http cache body-parser@https://registry.npmjs.org/body-parser/-/body-parser-2.3.0.tgz 0ms (cache hit)
434 http cache accepts@https://registry.npmjs.org/accepts/-/accepts-2.0.0.tgz 0ms (cache hit)
435 http cache express@https://registry.npmjs.org/express/-/express-5.2.1.tgz 0ms (cache hit)
436 http cache content-type@https://registry.npmjs.org/content-type/-/content-type-2.0.0.tgz 0ms (cache hit)
437 http cache content-type@https://registry.npmjs.org/content-type/-/content-type-2.0.0.tgz 0ms (cache hit)
438 http cache content-type@https://registry.npmjs.org/content-type/-/content-type-1.0.5.tgz 1ms (cache hit)
439 http cache raw-body@https://registry.npmjs.org/raw-body/-/raw-body-3.0.2.tgz 0ms (cache hit)
440 silly ADD node_modules/media-typer
441 silly ADD node_modules/dunder-proto
442 silly ADD node_modules/math-intrinsics
443 silly ADD node_modules/hasown
444 silly ADD node_modules/has-symbols
445 silly ADD node_modules/gopd
446 silly ADD node_modules/get-proto
447 silly ADD node_modules/es-object-atoms
448 silly ADD node_modules/function-bind
449 silly ADD node_modules/call-bind-apply-helpers
450 silly ADD node_modules/get-intrinsic
451 silly ADD node_modules/call-bound
452 silly ADD node_modules/side-channel-weakmap
453 silly ADD node_modules/side-channel-map
454 silly ADD node_modules/side-channel-list
455 silly ADD node_modules/object-inspect
456 silly ADD node_modules/es-errors
457 silly ADD node_modules/path-to-regexp
458 silly ADD node_modules/is-promise
459 silly ADD node_modules/unpipe
460 silly ADD node_modules/side-channel
461 silly ADD node_modules/es-define-property
462 silly ADD node_modules/ipaddr.js
463 silly ADD node_modules/forwarded
464 silly ADD node_modules/wrappy
465 silly ADD node_modules/ee-first
466 silly ADD node_modules/mime-db
467 silly ADD node_modules/safer-buffer
468 silly ADD node_modules/toidentifier
469 silly ADD node_modules/setprototypeof
470 silly ADD node_modules/inherits
471 silly ADD node_modules/ms
472 silly ADD node_modules/raw-body
473 silly ADD node_modules/iconv-lite
474 silly ADD node_modules/bytes
475 silly ADD node_modules/negotiator
476 silly ADD node_modules/vary
477 silly ADD node_modules/type-is
478 silly ADD node_modules/type-is/node_modules/content-type
479 silly ADD node_modules/statuses
480 silly ADD node_modules/serve-static
481 silly ADD node_modules/send
482 silly ADD node_modules/router
483 silly ADD node_modules/range-parser
484 silly ADD node_modules/qs
485 silly ADD node_modules/proxy-addr
486 silly ADD node_modules/parseurl
487 silly ADD node_modules/once
488 silly ADD node_modules/on-finished
489 silly ADD node_modules/mime-types
490 silly ADD node_modules/merge-descriptors
491 silly ADD node_modules/http-errors
492 silly ADD node_modules/fresh
493 silly ADD node_modules/finalhandler
494 silly ADD node_modules/etag
495 silly ADD node_modules/escape-html
496 silly ADD node_modules/encodeurl
497 silly ADD node_modules/depd
498 silly ADD node_modules/debug
499 silly ADD node_modules/cookie-signature
500 silly ADD node_modules/cookie
501 silly ADD node_modules/content-type
502 silly ADD node_modules/content-disposition
503 silly ADD node_modules/body-parser
504 silly ADD node_modules/body-parser/node_modules/content-type
505 silly ADD node_modules/accepts
506 silly ADD node_modules/express
507 verbose cwd /data/data/com.termux/files/home
508 verbose os Linux 5.15.178-android13-8-00007-g362d545d31a5-ab14608873
509 verbose node v26.3.1
510 verbose npm  v11.17.0
511 verbose exit 0
512 info ok
